WARNING: Host distribution "ubuntu-21.04" has not been validated with this version of the build system; you may possibly experience unexpected failures. It is recommended that you use a tested distribution.
Loading cache...done.
Loaded 3022 entries from dependency cache.
NOTE: Resolving any missing task queue dependencies

Build Configuration:
BB_VERSION           = "1.46.0"
BUILD_SYS            = "x86_64-linux"
NATIVELSBSTRING      = "ubuntu-21.04"
TARGET_SYS           = "x86_64-poky-linux"
MACHINE              = "qemux86-64"
DISTRO               = "poky"
DISTRO_VERSION       = "3.1"
TUNE_FEATURES        = "m64 core2"
TARGET_FPU           = ""
meta                 
meta-poky            
meta-yocto-bsp       = "dunfell:eee5a579b18c119ec66e8a23e70f765ad6f14b7b"
meta-python2         = "dunfell:e2ef0dd8fa13d6b96e44773b09d07e4817d0a44d"
meta-chromium        = "hardknott:bdde7ca1fed0e29441d94ad6af8319b6df48063a"
meta-rust            = "dunfell:41e07e917f6e8abfd18d4b0f565bc562a6ca4141"
meta-oe              = "dunfell:e413c1ef621688e69bb7830bb3151ed23b30b73e"
meta-clang           = "hardknott:e8a0bada69637ff7a767d387b803a42123aead0b"
meta-qt5             = "dunfell:fdd19517e17240b0b61765bd02fc483a1bde986f"

WARNING: Your host glibc verson (2.33) is newer than that in uninative (2.31). Disabling uninative so that sstate is not corrupted.
Initialising tasks...done.
Sstate summary: Wanted 52 Found 52 Missed 0 Current 425 (100% match, 100% complete)
NOTE: Executing Tasks
NOTE: Running task 2220 of 2221 (/OE/build/test-oe-build-time/poky/meta-browser/meta-chromium/recipes-browser/chromium/chromium-x11_89.0.4389.90.bb:do_add_nodejs_symlink)
NOTE: recipe chromium-x11-89.0.4389.90-r0: task do_add_nodejs_symlink: Started
NOTE: recipe chromium-x11-89.0.4389.90-r0: task do_add_nodejs_symlink: Succeeded
NOTE: Running task 2221 of 2221 (/OE/build/test-oe-build-time/poky/meta-browser/meta-chromium/recipes-browser/chromium/chromium-x11_89.0.4389.90.bb:do_compile)
NOTE: recipe chromium-x11-89.0.4389.90-r0: task do_compile: Started
NOTE: recipe chromium-x11-89.0.4389.90-r0: task do_compile: Succeeded
NOTE: Tasks Summary: Attempted 2221 tasks of which 2219 didn't need to be rerun and all succeeded.

Summary: There were 2 WARNING messages shown.
TIME: 3391.26 1.09 9.37 0% 1590 123339 11204 0 31912 0 bitbake -c compile chromium-x11
