WARNING: Host distribution "ubuntu-21.10" has not been validated with this version of the build system; you may possibly experience unexpected failures. It is recommended that you use a tested distribution.
Loading cache...done.
Loaded 3328 entries from dependency cache.
NOTE: Resolving any missing task queue dependencies

Build Configuration:
BB_VERSION           = "1.51.1"
BUILD_SYS            = "x86_64-linux"
NATIVELSBSTRING      = "universal"
TARGET_SYS           = "x86_64-poky-linux"
MACHINE              = "qemux86-64"
DISTRO               = "poky"
DISTRO_VERSION       = "3.3+snapshot-b978f7c3a028ff4cc61de79d296723b5f873651d"
TUNE_FEATURES        = "m64 core2"
TARGET_FPU           = ""
meta                 
meta-poky            
meta-yocto-bsp       = "honister:b978f7c3a028ff4cc61de79d296723b5f873651d"
meta-python2         = "honister:f522fa70f93a9339f3b9991082af69a09fde675a"
meta-chromium        
meta-firefox         = "honister:5a384107a50b01075b8ba22672f7067bc3d0876b"
meta-oe              = "honister:967fe6730c6b0ab9fa8f350adef7bffea0aeb67b"
meta-clang           = "honister:5187604e18b970e486b88e6f2eba6a454ef4f7ef"
meta-qt5             = "honister:2a38fca150f065f869ed530fffe1a07beec80692"

Initialising tasks...done.
Sstate summary: Wanted 28 Local 28 Network 0 Missed 0 Current 271 (100% match, 100% complete)
NOTE: Executing Tasks
NOTE: Running task 1395 of 1396 (/OE/build/test-oe-build-time/poky/meta-qt5/recipes-qt/qt5/qtdeclarative_git.bb:do_configure_ptest_base)
NOTE: recipe qtdeclarative-5.15.2+gitAUTOINC+104eae5b17-r0: task do_configure_ptest_base: Started
NOTE: recipe qtdeclarative-5.15.2+gitAUTOINC+104eae5b17-r0: task do_configure_ptest_base: Succeeded
NOTE: Running task 1396 of 1396 (/OE/build/test-oe-build-time/poky/meta-qt5/recipes-qt/qt5/qtdeclarative_git.bb:do_compile)
NOTE: recipe qtdeclarative-5.15.2+gitAUTOINC+104eae5b17-r0: task do_compile: Started
NOTE: recipe qtdeclarative-5.15.2+gitAUTOINC+104eae5b17-r0: task do_compile: Succeeded
NOTE: Tasks Summary: Attempted 1396 tasks of which 1394 didn't need to be rerun and all succeeded.

Summary: There was 1 WARNING message shown.
TIME: 125.38 0.05 0.36 0% 25 14467 12857 0 39132 0 bitbake -c compile qtdeclarative
