WARNING: Host distribution "gentoo-2.8" has not been validated with this version of the build system; you may possibly experience unexpected failures. It is recommended that you use a tested distribution.
Loading cache...done.
Loaded 3569 entries from dependency cache.
NOTE: Resolving any missing task queue dependencies

Build Configuration:
BB_VERSION           = "2.0.0"
BUILD_SYS            = "x86_64-linux"
NATIVELSBSTRING      = "universal"
TARGET_SYS           = "x86_64-poky-linux"
MACHINE              = "qemux86-64"
DISTRO               = "poky"
DISTRO_VERSION       = "4.1+snapshot-bd66a18eaa463c2eab291fea68039bf0d61c7b8b"
TUNE_FEATURES        = "m64 core2"
TARGET_FPU           = ""
meta                 
meta-poky            
meta-yocto-bsp       = "master:bd66a18eaa463c2eab291fea68039bf0d61c7b8b"
meta-python2         = "langdale:f02882e2aa9279ca7becca8d0cedbffe88b5a253"
meta-chromium        
meta-firefox         = "langdale:11a6ddf004f1cd3ba9ff4537b7eda548fe56614c"
meta-oe              = "langdale:1fa8cfed01b3088dc33e0958e83f1162ffc1b91b"
meta-clang           = "langdale:85d956d95401479ca666139e31f662f60c156d5f"
meta-qt5             = "langdale:d89d44e021e4f805791c4d8711fd5875674bb3d6"

Initialising tasks...done.
Sstate summary: Wanted 237 Local 237 Mirrors 0 Missed 0 Current 192 (100% match, 100% complete)
NOTE: Executing Tasks
NOTE: Running task 2022 of 2022 (/OE/build/test-oe-build-time/poky/meta-qt5/recipes-qt/qt5/qtwebengine_git.bb:do_compile)
NOTE: recipe qtwebengine-5.15.8+gitAUTOINC+73e76f9e86_48a205f9e0-r0: task do_compile: Started
Bitbake still alive (no events for 600s). Active tasks:
/OE/build/test-oe-build-time/poky/meta-qt5/recipes-qt/qt5/qtwebengine_git.bb:do_compile
NOTE: recipe qtwebengine-5.15.8+gitAUTOINC+73e76f9e86_48a205f9e0-r0: task do_compile: Succeeded
NOTE: Tasks Summary: Attempted 2022 tasks of which 2021 didn't need to be rerun and all succeeded.

Summary: There was 1 WARNING message.
TIME: 1069.52 0.54 6.48 0% 3801 82832 11316 0 36860 0 bitbake -c compile qtwebengine
