1-init start: 2022-12-06T19:04:43+01:00
fatal: destination path 'poky' already exists and is not an empty directory.
fatal: A branch named 'kirkstone' already exists.
error: cherry-pick is already in progress
hint: try "git cherry-pick (--continue | --skip | --abort | --quit)"
fatal: cherry-pick failed
fatal: destination path 'meta-qt5' already exists and is not an empty directory.
fatal: A branch named 'kirkstone' already exists.
fatal: destination path 'meta-browser' already exists and is not an empty directory.
fatal: A branch named 'kirkstone' already exists.
fatal: destination path 'meta-openembedded' already exists and is not an empty directory.
fatal: A branch named 'kirkstone' already exists.
fatal: destination path 'meta-clang' already exists and is not an empty directory.
fatal: A branch named 'kirkstone' already exists.
fatal: destination path 'meta-python2' already exists and is not an empty directory.
fatal: A branch named 'kirkstone' already exists.

### Shell environment set up for builds. ###

You can now run 'bitbake <target>'

Common targets are:
    core-image-minimal
    core-image-full-cmdline
    core-image-sato
    core-image-weston
    meta-toolchain
    meta-ide-support

You can also run generated qemu images with a command like 'runqemu qemux86'

Other commonly useful commands are:
 - 'devtool' and 'recipetool' handle common recipe tasks
 - 'bitbake-layers' handles common layer tasks
 - 'oe-pkgdata-util' handles common target package tasks
0.03user 0.04system 0:00.14elapsed 51%CPU (0avgtext+0avgdata 7508maxresident)k
30272inputs+1344outputs (118major+5336minor)pagefaults 0swaps
1-init stop:  2022-12-06T19:04:43+01:00
