WARNING: Host distribution "ubuntu-20.04" has not been validated with this version of the build system; you may possibly experience unexpected failures. It is recommended that you use a tested distribution.
Loading cache...done.
Loaded 2448 entries from dependency cache.
NOTE: Resolving any missing task queue dependencies

Build Configuration:
BB_VERSION           = "1.44.0"
BUILD_SYS            = "x86_64-linux"
NATIVELSBSTRING      = "ubuntu-20.04"
TARGET_SYS           = "x86_64-poky-linux"
MACHINE              = "qemux86-64"
DISTRO               = "poky"
DISTRO_VERSION       = "3.0.2"
TUNE_FEATURES        = "m64 core2"
TARGET_FPU           = ""
meta                 
meta-poky            
meta-yocto-bsp       = "zeus:ea080efe89178768553e2010161ce04dcbf07228"
meta-browser         = "zeus:1697014a05967ed54b294f3c4b5621df494d6551"
meta-rust            = "zeus:5d1ada0c97723e1526bf5599b2fa2cbb56c2c0dc"
meta-oe              = "zeus:e855ecc6d35677e79780adc57b2552213c995731"
meta-clang           = "zeus:0c393398a91713a108f319ac75337c02b7ebeaa7"
meta-qt5             = "zeus:a582fd4c810529e9af0c81700407b1955d1391d2"

WARNING: Your host glibc verson (2.31) is newer than that in uninative (2.30). Disabling uninative so that sstate is not corrupted.
Initialising tasks...done.
Sstate summary: Wanted 15 Found 15 Missed 0 Current 217 (100% match, 100% complete)
NOTE: Executing Tasks
NOTE: Setscene tasks completed
NOTE: Running task 1912 of 1913 (/home/jenkins/workspace/test-oe-build-time/poky/meta-browser/recipes-browser/chromium/chromium-x11_79.0.3945.117.bb:do_add_nodejs_symlink)
NOTE: recipe chromium-x11-79.0.3945.117-r0: task do_add_nodejs_symlink: Started
NOTE: recipe chromium-x11-79.0.3945.117-r0: task do_add_nodejs_symlink: Succeeded
NOTE: Running task 1913 of 1913 (/home/jenkins/workspace/test-oe-build-time/poky/meta-browser/recipes-browser/chromium/chromium-x11_79.0.3945.117.bb:do_compile)
NOTE: recipe chromium-x11-79.0.3945.117-r0: task do_compile: Started
Bitbake still alive (5000s)
Bitbake still alive (10000s)
Bitbake still alive (15000s)
NOTE: recipe chromium-x11-79.0.3945.117-r0: task do_compile: Succeeded
NOTE: Tasks Summary: Attempted 1913 tasks of which 1911 didn't need to be rerun and all succeeded.

Summary: There were 2 WARNING messages shown.
TIME: 16180.56 5.29 19.62 0% 51113 180869 9875 0 28584 0 bitbake -c compile chromium-x11
