Loading cache...done.
Loaded 2448 entries from dependency cache.
NOTE: Resolving any missing task queue dependencies

Build Configuration:
BB_VERSION           = "1.44.0"
BUILD_SYS            = "x86_64-linux"
NATIVELSBSTRING      = "universal"
TARGET_SYS           = "x86_64-poky-linux"
MACHINE              = "qemux86-64"
DISTRO               = "poky"
DISTRO_VERSION       = "3.0.2"
TUNE_FEATURES        = "m64 core2"
TARGET_FPU           = ""
meta                 
meta-poky            
meta-yocto-bsp       = "zeus:341f87a6ba32f900c744c26d026c5aad6e19c09d"
meta-browser         = "zeus:1697014a05967ed54b294f3c4b5621df494d6551"
meta-rust            = "zeus:5d1ada0c97723e1526bf5599b2fa2cbb56c2c0dc"
meta-oe              = "zeus:e855ecc6d35677e79780adc57b2552213c995731"
meta-clang           = "zeus:0c393398a91713a108f319ac75337c02b7ebeaa7"
meta-qt5             = "zeus:a582fd4c810529e9af0c81700407b1955d1391d2"

Initialising tasks...done.
Sstate summary: Wanted 0 Found 0 Missed 0 Current 25 (0% match, 100% complete)
NOTE: Executing Tasks
NOTE: Setscene tasks completed
NOTE: Running task 166 of 210 (virtual:native:/home/yocto/oe-test/test-oe-build-time/poky/meta-rust/recipes-devtools/rust/rust_1.37.0.bb:do_rust_gen_targets)
NOTE: recipe rust-native-1.37.0-r0: task do_rust_gen_targets: Started
NOTE: recipe rust-native-1.37.0-r0: task do_rust_gen_targets: Succeeded
NOTE: Running task 210 of 210 (virtual:native:/home/yocto/oe-test/test-oe-build-time/poky/meta-rust/recipes-devtools/rust/rust_1.37.0.bb:do_compile)
NOTE: recipe rust-native-1.37.0-r0: task do_compile: Started
NOTE: recipe rust-native-1.37.0-r0: task do_compile: Succeeded
NOTE: Tasks Summary: Attempted 210 tasks of which 208 didn't need to be rerun and all succeeded.
TIME: 1124.71 0.04 0.41 0% 13 12639 9372 0 27984 0 bitbake -c compile rust-native
