Loading cache...done.
Loaded 2448 entries from dependency cache.
NOTE: Resolving any missing task queue dependencies

Build Configuration:
BB_VERSION           = "1.44.0"
BUILD_SYS            = "x86_64-linux"
NATIVELSBSTRING      = "universal"
TARGET_SYS           = "x86_64-poky-linux"
MACHINE              = "qemux86-64"
DISTRO               = "poky"
DISTRO_VERSION       = "3.0.2"
TUNE_FEATURES        = "m64 core2"
TARGET_FPU           = ""
meta                 
meta-poky            
meta-yocto-bsp       = "zeus:341f87a6ba32f900c744c26d026c5aad6e19c09d"
meta-browser         = "zeus:1697014a05967ed54b294f3c4b5621df494d6551"
meta-rust            = "zeus:5d1ada0c97723e1526bf5599b2fa2cbb56c2c0dc"
meta-oe              = "zeus:e855ecc6d35677e79780adc57b2552213c995731"
meta-clang           = "zeus:0c393398a91713a108f319ac75337c02b7ebeaa7"
meta-qt5             = "zeus:a582fd4c810529e9af0c81700407b1955d1391d2"

Initialising tasks...done.
Sstate summary: Wanted 0 Found 0 Missed 0 Current 195 (0% match, 100% complete)
NOTE: Executing Tasks
NOTE: Setscene tasks completed
NOTE: Running task 1619 of 1619 (/home/yocto/oe-test/test-oe-build-time/poky/meta-qt5/recipes-qt/qt5/qtwebengine_git.bb:do_compile)
NOTE: recipe qtwebengine-5.13.2+gitAUTOINC+556576b55f_843d70ac87-r0: task do_compile: Started
NOTE: recipe qtwebengine-5.13.2+gitAUTOINC+556576b55f_843d70ac87-r0: task do_compile: Succeeded
NOTE: Tasks Summary: Attempted 1619 tasks of which 1618 didn't need to be rerun and all succeeded.
TIME: 1155.13 0.31 3.46 0% 572 49766 9357 0 27996 0 bitbake -c compile qtwebengine
