WARNING: Host distribution "ubuntu-21.04" has not been validated with this version of the build system; you may possibly experience unexpected failures. It is recommended that you use a tested distribution.
Loading cache...done.
Loaded 3297 entries from dependency cache.
NOTE: Resolving any missing task queue dependencies

Build Configuration:
BB_VERSION           = "1.49.2"
BUILD_SYS            = "x86_64-linux"
NATIVELSBSTRING      = "universal"
TARGET_SYS           = "x86_64-poky-linux"
MACHINE              = "qemux86-64"
DISTRO               = "poky"
DISTRO_VERSION       = "3.2+snapshot-ffc36f351f47e59beff8240e56cdc8648188ef19"
TUNE_FEATURES        = "m64 core2"
TARGET_FPU           = ""
meta                 
meta-poky            
meta-yocto-bsp       = "hardknott:ffc36f351f47e59beff8240e56cdc8648188ef19"
meta-python2         = "hardknott:044015255944fd8db139caec8981f2957f8e2604"
meta-chromium        
meta-firefox         = "hardknott:4e17167735f3ad7119548872108c4bafa3d38f07"
meta-rust            = "hardknott:9a035fe27262bb23676da9f9f583e3ee39b0a377"
meta-oe              = "hardknott:589aa162cead42acdd7e8dbd7c0243b95e341f19"
meta-clang           = "hardknott:3fbc916a7987f15f874f40f9e5b531eb72bffc7a"
meta-qt5             = "hardknott:324843cb1a2feb5f5c7b0064ca33edaa605cb749"

Initialising tasks...done.
Sstate summary: Wanted 82 Local 82 Network 0 Missed 0 Current 209 (100% match, 100% complete)
NOTE: Executing Tasks
NOTE: Running task 1354 of 1355 (/OE/build/test-oe-build-time/poky/meta-qt5/recipes-qt/qt5/qtbase_git.bb:do_configure_ptest_base)
NOTE: recipe qtbase-5.15.2+gitAUTOINC+40143c189b-r0: task do_configure_ptest_base: Started
NOTE: recipe qtbase-5.15.2+gitAUTOINC+40143c189b-r0: task do_configure_ptest_base: Succeeded
NOTE: Running task 1355 of 1355 (/OE/build/test-oe-build-time/poky/meta-qt5/recipes-qt/qt5/qtbase_git.bb:do_compile)
NOTE: recipe qtbase-5.15.2+gitAUTOINC+40143c189b-r0: task do_compile: Started
NOTE: recipe qtbase-5.15.2+gitAUTOINC+40143c189b-r0: task do_compile: Succeeded
NOTE: Tasks Summary: Attempted 1355 tasks of which 1353 didn't need to be rerun and all succeeded.

Summary: There was 1 WARNING message shown.
TIME: 205.47 0.05 0.37 0% 40 15453 12182 0 33264 0 bitbake -c compile qtbase
