WARNING: Host distribution "ubuntu-21.04" has not been validated with this version of the build system; you may possibly experience unexpected failures. It is recommended that you use a tested distribution.
Loading cache...done.
Loaded 3290 entries from dependency cache.
NOTE: Resolving any missing task queue dependencies

Build Configuration:
BB_VERSION           = "1.49.2"
BUILD_SYS            = "x86_64-linux"
NATIVELSBSTRING      = "universal"
TARGET_SYS           = "x86_64-poky-linux"
MACHINE              = "qemux86-64"
DISTRO               = "poky"
DISTRO_VERSION       = "3.2+snapshot-3cda6c0bd175282903079dea4affb3fcd290f137"
TUNE_FEATURES        = "m64 core2"
TARGET_FPU           = ""
meta                 
meta-poky            
meta-yocto-bsp       = "hardknott:3cda6c0bd175282903079dea4affb3fcd290f137"
meta-python2         = "hardknott:5f4db648e00cf1c41e0999d3b184a02cde225143"
meta-browser         = "dunfell:169527d7065632b4fa9a1b5bea2d98b1b1ddde91"
meta-rust            = "hardknott:9a035fe27262bb23676da9f9f583e3ee39b0a377"
meta-oe              = "hardknott:36bb7d02a0f189768b380747a2349406ceffacbf"
meta-clang           = "hardknott:e8a0bada69637ff7a767d387b803a42123aead0b"
meta-qt5             = "hardknott:a00af3eae082b772469d9dd21b2371dd4d237684"

Initialising tasks...done.
Sstate summary: Wanted 50 Local 50 Network 0 Missed 0 Current 435 (100% match, 100% complete)
NOTE: Executing Tasks
NOTE: Running task 2267 of 2268 (/OE/build/test-oe-build-time/poky/meta-browser/recipes-browser/chromium/chromium-x11_81.0.4044.138.bb:do_add_nodejs_symlink)
NOTE: recipe chromium-x11-81.0.4044.138-r0: task do_add_nodejs_symlink: Started
NOTE: recipe chromium-x11-81.0.4044.138-r0: task do_add_nodejs_symlink: Succeeded
NOTE: Running task 2268 of 2268 (/OE/build/test-oe-build-time/poky/meta-browser/recipes-browser/chromium/chromium-x11_81.0.4044.138.bb:do_compile)
NOTE: recipe chromium-x11-81.0.4044.138-r0: task do_compile: Started
NOTE: recipe chromium-x11-81.0.4044.138-r0: task do_compile: Succeeded
NOTE: Tasks Summary: Attempted 2268 tasks of which 2266 didn't need to be rerun and all succeeded.

Summary: There was 1 WARNING message shown.
TIME: 2517.32 0.93 9.59 0% 1653 107947 12176 0 33228 0 bitbake -c compile chromium-x11
