WARNING: Host distribution "ubuntu-19.10" has not been validated with this version of the build system; you may possibly experience unexpected failures. It is recommended that you use a tested distribution.
Loading cache...done.
Loaded 2448 entries from dependency cache.
NOTE: Resolving any missing task queue dependencies

Build Configuration:
BB_VERSION           = "1.44.0"
BUILD_SYS            = "x86_64-linux"
NATIVELSBSTRING      = "universal"
TARGET_SYS           = "x86_64-poky-linux"
MACHINE              = "qemux86-64"
DISTRO               = "poky"
DISTRO_VERSION       = "3.0.2"
TUNE_FEATURES        = "m64 core2"
TARGET_FPU           = ""
meta                 
meta-poky            
meta-yocto-bsp       = "zeus:73fe0e273b4e00dcb08122c4f54fc65316e2a793"
meta-browser         = "zeus:1697014a05967ed54b294f3c4b5621df494d6551"
meta-rust            = "zeus:5d1ada0c97723e1526bf5599b2fa2cbb56c2c0dc"
meta-oe              = "zeus:e855ecc6d35677e79780adc57b2552213c995731"
meta-clang           = "zeus:0c393398a91713a108f319ac75337c02b7ebeaa7"
meta-qt5             = "zeus:a582fd4c810529e9af0c81700407b1955d1391d2"

Initialising tasks...done.
Sstate summary: Wanted 15 Found 15 Missed 0 Current 217 (100% match, 100% complete)
NOTE: Executing Tasks
NOTE: Setscene tasks completed
NOTE: Running task 1912 of 1913 (/home/w/test-oe-build-time/poky/meta-browser/recipes-browser/chromium/chromium-x11_79.0.3945.117.bb:do_add_nodejs_symlink)
NOTE: recipe chromium-x11-79.0.3945.117-r0: task do_add_nodejs_symlink: Started
NOTE: recipe chromium-x11-79.0.3945.117-r0: task do_add_nodejs_symlink: Succeeded
NOTE: Running task 1913 of 1913 (/home/w/test-oe-build-time/poky/meta-browser/recipes-browser/chromium/chromium-x11_79.0.3945.117.bb:do_compile)
NOTE: recipe chromium-x11-79.0.3945.117-r0: task do_compile: Started
NOTE: recipe chromium-x11-79.0.3945.117-r0: task do_compile: Succeeded
NOTE: Tasks Summary: Attempted 1913 tasks of which 1911 didn't need to be rerun and all succeeded.

Summary: There was 1 WARNING message shown.
TIME: 1340.32 1.49 11.14 0% 306 135834 10067 0 29060 0 bitbake -c compile chromium-x11
