WARNING: Host distribution "gentoo-2.8" has not been validated with this version of the build system; you may possibly experience unexpected failures. It is recommended that you use a tested distribution.
Loading cache...done.
Loaded 3340 entries from dependency cache.
NOTE: Resolving any missing task queue dependencies

Build Configuration:
BB_VERSION           = "1.52.0"
BUILD_SYS            = "x86_64-linux"
NATIVELSBSTRING      = "universal"
TARGET_SYS           = "x86_64-poky-linux"
MACHINE              = "qemux86-64"
DISTRO               = "poky"
DISTRO_VERSION       = "3.4.2"
TUNE_FEATURES        = "m64 core2"
TARGET_FPU           = ""
meta                 
meta-poky            
meta-yocto-bsp       = "honister:0fbf414b39f1ce3a055c5baeba755a05c438ec0d"
meta-python2         = "honister:5243d509aebff378c1ae9d3dff6a29cfdc0dee1f"
meta-chromium        
meta-firefox         = "honister:edb6ba144d723d1af0aa30bbedf90f42f2d2b5b2"
meta-oe              = "honister:0fb490a08ce30b47a5ccd2fdc3448b08e0d9e4e9"
meta-clang           = "honister:088904d40231d9e099c2f5039cd3c2bc47d332d1"
meta-qt5             = "honister:74c27fa59b329f1210d39e8cd2904acf30d10838"

Initialising tasks...done.
Sstate summary: Wanted 1 Local 0 Network 0 Missed 1 Current 524 (0% match, 99% complete)
NOTE: Executing Tasks
NOTE: Running task 2299 of 2447 (/OE/build/test-oe-build-time/poky/meta-browser/meta-chromium/recipes-browser/chromium/chromium-x11_92.0.4515.159.bb:do_fetch)
NOTE: recipe chromium-x11-92.0.4515.159-r0: task do_fetch: Started
NOTE: recipe chromium-x11-92.0.4515.159-r0: task do_fetch: Succeeded
NOTE: Running task 2441 of 2447 (/OE/build/test-oe-build-time/poky/meta-browser/meta-chromium/recipes-browser/chromium/chromium-x11_92.0.4515.159.bb:do_prepare_recipe_sysroot)
NOTE: Running task 2442 of 2447 (/OE/build/test-oe-build-time/poky/meta-browser/meta-chromium/recipes-browser/chromium/chromium-x11_92.0.4515.159.bb:do_unpack)
NOTE: recipe chromium-x11-92.0.4515.159-r0: task do_prepare_recipe_sysroot: Started
NOTE: recipe chromium-x11-92.0.4515.159-r0: task do_unpack: Started
NOTE: recipe chromium-x11-92.0.4515.159-r0: task do_prepare_recipe_sysroot: Succeeded
NOTE: recipe chromium-x11-92.0.4515.159-r0: task do_unpack: Succeeded
NOTE: Running task 2443 of 2447 (/OE/build/test-oe-build-time/poky/meta-browser/meta-chromium/recipes-browser/chromium/chromium-x11_92.0.4515.159.bb:do_patch)
NOTE: recipe chromium-x11-92.0.4515.159-r0: task do_patch: Started
NOTE: recipe chromium-x11-92.0.4515.159-r0: task do_patch: Succeeded
NOTE: Running task 2444 of 2447 (/OE/build/test-oe-build-time/poky/meta-browser/meta-chromium/recipes-browser/chromium/chromium-x11_92.0.4515.159.bb:do_create_v8_qemu_wrapper)
NOTE: Running task 2445 of 2447 (/OE/build/test-oe-build-time/poky/meta-browser/meta-chromium/recipes-browser/chromium/chromium-x11_92.0.4515.159.bb:do_deploy_source_date_epoch)
NOTE: Running task 2446 of 2447 (/OE/build/test-oe-build-time/poky/meta-browser/meta-chromium/recipes-browser/chromium/chromium-x11_92.0.4515.159.bb:do_write_toolchain_file)
NOTE: recipe chromium-x11-92.0.4515.159-r0: task do_create_v8_qemu_wrapper: Started
NOTE: recipe chromium-x11-92.0.4515.159-r0: task do_deploy_source_date_epoch: Started
NOTE: recipe chromium-x11-92.0.4515.159-r0: task do_write_toolchain_file: Started
NOTE: recipe chromium-x11-92.0.4515.159-r0: task do_create_v8_qemu_wrapper: Succeeded
NOTE: recipe chromium-x11-92.0.4515.159-r0: task do_write_toolchain_file: Succeeded
NOTE: recipe chromium-x11-92.0.4515.159-r0: task do_deploy_source_date_epoch: Succeeded
NOTE: Running task 2447 of 2447 (/OE/build/test-oe-build-time/poky/meta-browser/meta-chromium/recipes-browser/chromium/chromium-x11_92.0.4515.159.bb:do_configure)
NOTE: recipe chromium-x11-92.0.4515.159-r0: task do_configure: Started
NOTE: recipe chromium-x11-92.0.4515.159-r0: task do_configure: Succeeded
NOTE: Tasks Summary: Attempted 2447 tasks of which 2439 didn't need to be rerun and all succeeded.

Summary: There was 1 WARNING message shown.
