WARNING: Host distribution "gentoo-2.8" has not been validated with this version of the build system; you may possibly experience unexpected failures. It is recommended that you use a tested distribution.
Loading cache...done.
Loaded 3340 entries from dependency cache.
NOTE: Resolving any missing task queue dependencies

Build Configuration:
BB_VERSION           = "1.52.0"
BUILD_SYS            = "x86_64-linux"
NATIVELSBSTRING      = "universal"
TARGET_SYS           = "x86_64-poky-linux"
MACHINE              = "qemux86-64"
DISTRO               = "poky"
DISTRO_VERSION       = "3.4.2"
TUNE_FEATURES        = "m64 core2"
TARGET_FPU           = ""
meta                 
meta-poky            
meta-yocto-bsp       = "honister:0fbf414b39f1ce3a055c5baeba755a05c438ec0d"
meta-python2         = "honister:5243d509aebff378c1ae9d3dff6a29cfdc0dee1f"
meta-chromium        
meta-firefox         = "honister:edb6ba144d723d1af0aa30bbedf90f42f2d2b5b2"
meta-oe              = "honister:0fb490a08ce30b47a5ccd2fdc3448b08e0d9e4e9"
meta-clang           = "honister:088904d40231d9e099c2f5039cd3c2bc47d332d1"
meta-qt5             = "honister:74c27fa59b329f1210d39e8cd2904acf30d10838"

Initialising tasks...done.
Sstate summary: Wanted 1 Local 0 Network 0 Missed 1 Current 64 (0% match, 98% complete)
NOTE: Executing Tasks
NOTE: Running task 290 of 297 (virtual:native:/OE/build/test-oe-build-time/poky/meta/recipes-devtools/rust/rust_1.54.0.bb:do_fetch)
NOTE: recipe rust-native-1.54.0-r0: task do_fetch: Started
NOTE: recipe rust-native-1.54.0-r0: task do_fetch: Succeeded
NOTE: Running task 291 of 297 (virtual:native:/OE/build/test-oe-build-time/poky/meta/recipes-devtools/rust/rust_1.54.0.bb:do_prepare_recipe_sysroot)
NOTE: Running task 292 of 297 (virtual:native:/OE/build/test-oe-build-time/poky/meta/recipes-devtools/rust/rust_1.54.0.bb:do_unpack)
NOTE: recipe rust-native-1.54.0-r0: task do_prepare_recipe_sysroot: Started
NOTE: recipe rust-native-1.54.0-r0: task do_unpack: Started
NOTE: recipe rust-native-1.54.0-r0: task do_prepare_recipe_sysroot: Succeeded
NOTE: recipe rust-native-1.54.0-r0: task do_unpack: Succeeded
NOTE: Running task 293 of 297 (virtual:native:/OE/build/test-oe-build-time/poky/meta/recipes-devtools/rust/rust_1.54.0.bb:do_rust_setup_snapshot)
NOTE: Running task 294 of 297 (virtual:native:/OE/build/test-oe-build-time/poky/meta/recipes-devtools/rust/rust_1.54.0.bb:do_patch)
NOTE: recipe rust-native-1.54.0-r0: task do_rust_setup_snapshot: Started
NOTE: recipe rust-native-1.54.0-r0: task do_patch: Started
NOTE: recipe rust-native-1.54.0-r0: task do_patch: Succeeded
NOTE: Running task 295 of 297 (virtual:native:/OE/build/test-oe-build-time/poky/meta/recipes-devtools/rust/rust_1.54.0.bb:do_rust_create_wrappers)
NOTE: Running task 296 of 297 (virtual:native:/OE/build/test-oe-build-time/poky/meta/recipes-devtools/rust/rust_1.54.0.bb:do_deploy_source_date_epoch)
NOTE: recipe rust-native-1.54.0-r0: task do_rust_create_wrappers: Started
NOTE: recipe rust-native-1.54.0-r0: task do_deploy_source_date_epoch: Started
NOTE: recipe rust-native-1.54.0-r0: task do_rust_create_wrappers: Succeeded
NOTE: recipe rust-native-1.54.0-r0: task do_deploy_source_date_epoch: Succeeded
NOTE: recipe rust-native-1.54.0-r0: task do_rust_setup_snapshot: Succeeded
NOTE: Running task 297 of 297 (virtual:native:/OE/build/test-oe-build-time/poky/meta/recipes-devtools/rust/rust_1.54.0.bb:do_configure)
NOTE: recipe rust-native-1.54.0-r0: task do_configure: Started
NOTE: recipe rust-native-1.54.0-r0: task do_configure: Succeeded
NOTE: Tasks Summary: Attempted 297 tasks of which 289 didn't need to be rerun and all succeeded.

Summary: There was 1 WARNING message shown.
