wasp578
    description: Tower Computer
    product: Precision Tower 7810 (0618)
    vendor: Dell Inc.
    serial: JXXSND2
    width: 64 bits
    capabilities: smbios-2.8 dmi-2.8 smp vsyscall32
    configuration: boot=normal chassis=tower sku=0618 uuid=44454C4C-5800-1058-8053-CAC04F4E4432
  *-core
       description: Motherboard
       product: 0KJCC5
       vendor: Dell Inc.
       physical id: 0
       version: A00
       serial: /JXXSND2/CN722006A50163/
     *-firmware
          description: BIOS
          vendor: Dell Inc.
          physical id: 0
          version: A15
          date: 09/11/2016
          size: 64KiB
          capacity: 15MiB
          capabilities: pci pnp upgrade shadowing cdboot bootselect edd int13floppy1200 int13floppy720 int13floppy2880 int5printscreen int9keyboard int14serial int17printer acpi usb biosbootspecification uefi
     *-cpu:0
          description: CPU
          product: Intel(R) Xeon(R) CPU E5-2698 v3 @ 2.30GHz
          vendor: Intel Corp.
          physical id: 98
          bus info: cpu@0
          version: Intel(R) Xeon(R) CPU E5-2698 v3 @ 2.30GHz
          slot: SOCKET 1
          size: 1219MHz
          capacity: 4GHz
          width: 64 bits
          clock: 100MHz
          capabilities: x86-64 fpu fpu_exception wp vme de pse tsc msr pae mce cx8 apic sep mtrr pge mca cmov pat pse36 clflush dts acpi mmx fxsr sse sse2 ss ht tm pbe syscall nx pdpe1gb rdtscp constant_tsc arch_perfmon pebs bts rep_good nopl xtopology nonstop_tsc cpuid aperfmperf pni pclmulqdq dtes64 monitor ds_cpl vmx smx est tm2 ssse3 sdbg fma cx16 xtpr pdcm pcid dca sse4_1 sse4_2 x2apic movbe popcnt tsc_deadline_timer aes xsave avx f16c rdrand lahf_lm abm cpuid_fault epb invpcid_single pti intel_ppin ssbd ibrs ibpb stibp tpr_shadow vnmi flexpriority ept vpid fsgsbase tsc_adjust bmi1 avx2 smep bmi2 erms invpcid cqm xsaveopt cqm_llc cqm_occup_llc dtherm ida arat pln pts md_clear flush_l1d cpufreq
          configuration: cores=16 enabledcores=16 threads=32
        *-cache:0
             description: L1 cache
             physical id: 89
             slot: CPU Internal L1
             size: 1MiB
             capacity: 1MiB
             capabilities: internal write-back
             configuration: level=1
        *-cache:1
             description: L2 cache
             physical id: 8e
             slot: CPU Internal L2
             size: 4MiB
             capacity: 4MiB
             capabilities: internal write-back unified
             configuration: level=2
        *-cache:2
             description: L3 cache
             physical id: 93
             slot: CPU Internal L3
             size: 40MiB
             capacity: 40MiB
             capabilities: internal write-back unified
             configuration: level=3
     *-cpu:1
          description: CPU
          product: Intel(R) Xeon(R) CPU E5-2698 v3 @ 2.30GHz
          vendor: Intel Corp.
          physical id: ac
          bus info: cpu@1
          version: Intel(R) Xeon(R) CPU E5-2698 v3 @ 2.30GHz
          slot: SOCKET 2
          size: 1197MHz
          capacity: 4GHz
          width: 64 bits
          clock: 100MHz
          capabilities: x86-64 fpu fpu_exception wp vme de pse tsc msr pae mce cx8 apic sep mtrr pge mca cmov pat pse36 clflush dts acpi mmx fxsr sse sse2 ss ht tm pbe syscall nx pdpe1gb rdtscp constant_tsc arch_perfmon pebs bts rep_good nopl xtopology nonstop_tsc cpuid aperfmperf pni pclmulqdq dtes64 monitor ds_cpl vmx smx est tm2 ssse3 sdbg fma cx16 xtpr pdcm pcid dca sse4_1 sse4_2 x2apic movbe popcnt tsc_deadline_timer aes xsave avx f16c rdrand lahf_lm abm cpuid_fault epb invpcid_single pti intel_ppin ssbd ibrs ibpb stibp tpr_shadow vnmi flexpriority ept vpid fsgsbase tsc_adjust bmi1 avx2 smep bmi2 erms invpcid cqm xsaveopt cqm_llc cqm_occup_llc dtherm ida arat pln pts md_clear flush_l1d cpufreq
          configuration: cores=16 enabledcores=16 threads=32
        *-cache:0
             description: L1 cache
             physical id: 9d
             slot: CPU Internal L1
             size: 1MiB
             capacity: 1MiB
             capabilities: internal write-back
             configuration: level=1
        *-cache:1
             description: L2 cache
             physical id: a2
             slot: CPU Internal L2
             size: 4MiB
             capacity: 4MiB
             capabilities: internal write-back unified
             configuration: level=2
        *-cache:2
             description: L3 cache
             physical id: a7
             slot: CPU Internal L3
             size: 40MiB
             capacity: 40MiB
             capabilities: internal write-back unified
             configuration: level=3
     *-memory:0
          description: System Memory
          physical id: 2f
          slot: System board or motherboard
          capabilities: ecc
          configuration: errordetection=multi-bit-ecc
        *-bank:0
             description: RIMM Synchronous 2400 MHz (0.4 ns)
             product: 18ASF2G72PDZ-2G3B1
             vendor: Micron
             physical id: 0
             serial: 14739F9A
             slot: DIMM1_CPU1
             size: 16GiB
             width: 64 bits
             clock: 2400MHz (0.4ns)
        *-bank:1
             description: RIMM Synchronous 2400 MHz (0.4 ns)
             product: 18ASF2G72PDZ-2G3B1
             vendor: Micron
             physical id: 1
             serial: 14739F99
             slot: DIMM3_CPU1
             size: 16GiB
             width: 64 bits
             clock: 2400MHz (0.4ns)
     *-memory:1
          description: System Memory
          physical id: 4d
          slot: System board or motherboard
          capabilities: ecc
          configuration: errordetection=multi-bit-ecc
        *-bank:0
             description: RIMM Synchronous [empty]
             product: DIMM2_CPU1_PartNumber
             vendor: DIMM2_CPU1_Manufacturer1
             physical id: 0
             serial: DIMM2_CPU1_SerNum
             slot: DIMM2_CPU1
        *-bank:1
             description: RIMM Synchronous [empty]
             product: DIMM4_CPU1_PartNumber
             vendor: DIMM4_CPU1_Manufacturer1
             physical id: 1
             serial: DIMM4_CPU1_SerNum
             slot: DIMM4_CPU1
     *-memory:2
          description: System Memory
          physical id: 5c
          slot: System board or motherboard
          capabilities: ecc
          configuration: errordetection=multi-bit-ecc
        *-bank:0
             description: RIMM Synchronous 2400 MHz (0.4 ns)
             product: 18ASF2G72PDZ-2G3B1
             vendor: Micron
             physical id: 0
             serial: 14739DBD
             slot: DIMM1_CPU2
             size: 16GiB
             width: 64 bits
             clock: 2400MHz (0.4ns)
        *-bank:1
             description: RIMM Synchronous 2400 MHz (0.4 ns)
             product: 18ASF2G72PDZ-2G3B1
             vendor: Micron
             physical id: 1
             serial: 14739F96
             slot: DIMM3_CPU2
             size: 16GiB
             width: 64 bits
             clock: 2400MHz (0.4ns)
     *-memory:3
          description: System Memory
          physical id: 7a
          slot: System board or motherboard
          capabilities: ecc
          configuration: errordetection=multi-bit-ecc
        *-bank:0
             description: RIMM Synchronous [empty]
             product: DIMM2_CPU2_PartNumber
             vendor: DIMM2_CPU2_Manufacturer1
             physical id: 0
             serial: DIMM2_CPU2_SerNum
             slot: DIMM2_CPU2
        *-bank:1
             description: RIMM Synchronous [empty]
             product: DIMM4_CPU2_PartNumber
             vendor: DIMM4_CPU2_Manufacturer1
             physical id: 1
             serial: DIMM4_CPU2_SerNum
             slot: DIMM4_CPU2
     *-memory:4 UNCLAIMED
          physical id: 1
     *-memory:5 UNCLAIMED
          physical id: 2
     *-pci
          description: Host bridge
          product: Xeon E7 v3/Xeon E5 v3/Core i7 DMI2
          vendor: Intel Corporation
          physical id: 100
          bus info: pci@0000:00:00.0
          version: 02
          width: 32 bits
          clock: 33MHz
        *-pci:0
             description: PCI bridge
             product: Xeon E7 v3/Xeon E5 v3/Core i7 PCI Express Root Port 1
             vendor: Intel Corporation
             physical id: 1
             bus info: pci@0000:00:01.0
             version: 02
             width: 32 bits
             clock: 33MHz
             capabilities: pci msi pciexpress pm normal_decode bus_master cap_list
             configuration: driver=pcieport
             resources: irq:24 memory:f3100000-f33fffff
           *-network
                description: Ethernet interface
                product: I210 Gigabit Network Connection
                vendor: Intel Corporation
                physical id: 0
                bus info: pci@0000:01:00.0
                logical name: ens1
                version: 03
                serial: a0:36:9f:d4:c9:3b
                size: 100Mbit/s
                capacity: 1Gbit/s
                width: 32 bits
                clock: 33MHz
                capabilities: pm msi msix pciexpress bus_master cap_list rom ethernet physical tp 10bt 10bt-fd 100bt 100bt-fd 1000bt-fd autonegotiation
                configuration: autonegotiation=on broadcast=yes driver=igb driverversion=5.4.0-k duplex=full firmware=3.25, 0x8000060d, 1.654.0 ip=192.168.0.3 latency=0 link=yes multicast=yes port=twisted pair speed=100Mbit/s
                resources: irq:24 memory:f3200000-f32fffff memory:f3300000-f3303fff memory:f3100000-f31fffff
        *-pci:1
             description: PCI bridge
             product: Xeon E7 v3/Xeon E5 v3/Core i7 PCI Express Root Port 3
             vendor: Intel Corporation
             physical id: 3
             bus info: pci@0000:00:03.0
             version: 02
             width: 32 bits
             clock: 33MHz
             capabilities: pci msi pciexpress pm normal_decode bus_master cap_list
             configuration: driver=pcieport
             resources: irq:25 ioport:8000(size=4096) memory:f2000000-f30fffff ioport:e0000000(size=301989888)
           *-display
                description: VGA compatible controller
                product: GP107GL [Quadro P600]
                vendor: NVIDIA Corporation
                physical id: 0
                bus info: pci@0000:02:00.0
                version: a1
                width: 64 bits
                clock: 33MHz
                capabilities: pm msi pciexpress vga_controller bus_master cap_list rom
                configuration: driver=nvidia latency=0
                resources: irq:36 memory:f2000000-f2ffffff memory:e0000000-efffffff memory:f0000000-f1ffffff ioport:8000(size=128) memory:c0000-dffff
           *-multimedia
                description: Audio device
                product: GP107GL High Definition Audio Controller
                vendor: NVIDIA Corporation
                physical id: 0.1
                bus info: pci@0000:02:00.1
                version: a1
                width: 32 bits
                clock: 33MHz
                capabilities: pm msi pciexpress bus_master cap_list
                configuration: driver=snd_hda_intel latency=0
                resources: irq:35 memory:f3080000-f3083fff
        *-generic:0 UNCLAIMED
             description: System peripheral
             product: Xeon E7 v3/Xeon E5 v3/Core i7 Address Map, VTd_Misc, System Management
             vendor: Intel Corporation
             physical id: 5
             bus info: pci@0000:00:05.0
             version: 02
             width: 32 bits
             clock: 33MHz
             capabilities: pciexpress cap_list
             configuration: latency=0
        *-generic:1 UNCLAIMED
             description: System peripheral
             product: Xeon E7 v3/Xeon E5 v3/Core i7 Hot Plug
             vendor: Intel Corporation
             physical id: 5.1
             bus info: pci@0000:00:05.1
             version: 02
             width: 32 bits
             clock: 33MHz
             capabilities: pciexpress msi cap_list
             configuration: latency=0
        *-generic:2 UNCLAIMED
             description: System peripheral
             product: Xeon E7 v3/Xeon E5 v3/Core i7 RAS, Control Status and Global Errors
             vendor: Intel Corporation
             physical id: 5.2
             bus info: pci@0000:00:05.2
             version: 02
             width: 32 bits
             clock: 33MHz
             capabilities: pciexpress cap_list
             configuration: latency=0
        *-generic:3 UNCLAIMED
             description: PIC
             product: Xeon E7 v3/Xeon E5 v3/Core i7 I/O APIC
             vendor: Intel Corporation
             physical id: 5.4
             bus info: pci@0000:00:05.4
             version: 02
             width: 32 bits
             clock: 33MHz
             capabilities: pciexpress pm io_x_-apic bus_master cap_list
             configuration: latency=0
             resources: memory:f343d000-f343dfff
        *-generic:4 UNCLAIMED
             description: Unassigned class
             product: C610/X99 series chipset SPSR
             vendor: Intel Corporation
             physical id: 11
             bus info: pci@0000:00:11.0
             version: 05
             width: 32 bits
             clock: 33MHz
             capabilities: pciexpress pm cap_list
             configuration: latency=0
        *-usb:0
             description: USB controller
             product: C610/X99 series chipset USB xHCI Host Controller
             vendor: Intel Corporation
             physical id: 14
             bus info: pci@0000:00:14.0
             version: 05
             width: 64 bits
             clock: 33MHz
             capabilities: pm xhci bus_master cap_list
             configuration: driver=xhci_hcd latency=0
             resources: irq:19 memory:f3420000-f342ffff
           *-usbhost:0
                product: xHCI Host Controller
                vendor: Linux 4.15.0-74-generic xhci-hcd
                physical id: 0
                bus info: usb@3
                logical name: usb3
                version: 4.15
                capabilities: usb-2.00
                configuration: driver=hub slots=15 speed=480Mbit/s
              *-usb:0
                   description: Generic USB device
                   product: CP2102 USB to UART Bridge Controller
                   vendor: Silicon Labs
                   physical id: 6
                   bus info: usb@3:6
                   version: 1.00
                   serial: 0001
                   capabilities: usb-1.10
                   configuration: driver=cp210x maxpower=100mA speed=12Mbit/s
              *-usb:1
                   description: Generic USB device
                   product: 802.11n WLAN Adapter
                   vendor: Realtek
                   physical id: 7
                   bus info: usb@3:7
                   version: 2.00
                   serial: 00e04c000001
                   capabilities: usb-2.00
                   configuration: driver=rtl8192cu maxpower=500mA speed=480Mbit/s
              *-usb:2
                   description: Keyboard
                   product: USB Receiver
                   vendor: Logitech
                   physical id: d
                   bus info: usb@3:d
                   version: 12.07
                   capabilities: usb-2.00
                   configuration: driver=usbhid maxpower=98mA speed=12Mbit/s
              *-usb:3
                   description: Keyboard
                   product: USB Keyboard
                   vendor: Logitech
                   physical id: e
                   bus info: usb@3:e
                   version: 64.00
                   capabilities: usb-1.10
                   configuration: driver=usbhid maxpower=90mA speed=2Mbit/s
           *-usbhost:1
                product: xHCI Host Controller
                vendor: Linux 4.15.0-74-generic xhci-hcd
                physical id: 1
                bus info: usb@4
                logical name: usb4
                version: 4.15
                capabilities: usb-3.00
                configuration: driver=hub slots=6 speed=5000Mbit/s
        *-communication:0
             description: Communication controller
             product: C610/X99 series chipset MEI Controller #1
             vendor: Intel Corporation
             physical id: 16
             bus info: pci@0000:00:16.0
             version: 05
             width: 64 bits
             clock: 33MHz
             capabilities: pm msi bus_master cap_list
             configuration: driver=mei_me latency=0
             resources: irq:33 memory:f343c000-f343c00f
        *-ide
             description: IDE interface
             product: C610/X99 series chipset IDE-r Controller
             vendor: Intel Corporation
             physical id: 16.2
             bus info: pci@0000:00:16.2
             version: 05
             width: 32 bits
             clock: 66MHz
             capabilities: ide pm msi pci_native_mode-only_controller__supports_bus_mastering bus_master cap_list
             configuration: driver=ata_generic latency=0
             resources: irq:16 ioport:90d0(size=8) ioport:90c0(size=4) ioport:90b0(size=8) ioport:90a0(size=4) ioport:9090(size=16)
        *-communication:1
             description: Serial controller
             product: C610/X99 series chipset KT Controller
             vendor: Intel Corporation
             physical id: 16.3
             bus info: pci@0000:00:16.3
             version: 05
             width: 32 bits
             clock: 66MHz
             capabilities: pm msi 16550 cap_list
             configuration: driver=serial latency=0
             resources: irq:17 ioport:9080(size=8) memory:f343a000-f343afff
        *-network
             description: Ethernet interface
             product: Ethernet Connection I217-LM
             vendor: Intel Corporation
             physical id: 19
             bus info: pci@0000:00:19.0
             logical name: enp0s25
             version: 05
             serial: 48:4d:7e:d1:7d:4d
             size: 1Gbit/s
             capacity: 1Gbit/s
             width: 32 bits
             clock: 33MHz
             capabilities: pm msi bus_master cap_list ethernet physical tp 10bt 10bt-fd 100bt 100bt-fd 1000bt-fd autonegotiation
             configuration: autonegotiation=on broadcast=yes driver=e1000e driverversion=3.2.6-k duplex=full firmware=0.13-4 ip=10.195.248.205 latency=0 link=yes multicast=yes port=twisted pair speed=1Gbit/s
             resources: irq:27 memory:f3400000-f341ffff memory:f3439000-f3439fff ioport:9020(size=32)
        *-usb:1
             description: USB controller
             product: C610/X99 series chipset USB Enhanced Host Controller #2
             vendor: Intel Corporation
             physical id: 1a
             bus info: pci@0000:00:1a.0
             version: 05
             width: 32 bits
             clock: 33MHz
             capabilities: pm debug ehci bus_master cap_list
             configuration: driver=ehci-pci latency=0
             resources: irq:18 memory:f3438000-f34383ff
           *-usbhost
                product: EHCI Host Controller
                vendor: Linux 4.15.0-74-generic ehci_hcd
                physical id: 1
                bus info: usb@1
                logical name: usb1
                version: 4.15
                capabilities: usb-2.00
                configuration: driver=hub slots=3 speed=480Mbit/s
              *-usb
                   description: USB hub
                   vendor: Intel Corp.
                   physical id: 1
                   bus info: usb@1:1
                   version: 0.05
                   capabilities: usb-2.00
                   configuration: driver=hub slots=6 speed=480Mbit/s
        *-multimedia
             description: Audio device
             product: C610/X99 series chipset HD Audio Controller
             vendor: Intel Corporation
             physical id: 1b
             bus info: pci@0000:00:1b.0
             version: 05
             width: 64 bits
             clock: 33MHz
             capabilities: pm msi pciexpress bus_master cap_list
             configuration: driver=snd_hda_intel latency=0
             resources: irq:34 memory:f3430000-f3433fff
        *-pci:2
             description: PCI bridge
             product: C610/X99 series chipset PCI Express Root Port #1
             vendor: Intel Corporation
             physical id: 1c
             bus info: pci@0000:00:1c.0
             version: d5
             width: 32 bits
             clock: 33MHz
             capabilities: pci pciexpress msi pm normal_decode bus_master cap_list
             configuration: driver=pcieport
             resources: irq:16 ioport:1000(size=4096) memory:f3500000-f36fffff ioport:f3700000(size=2097152)
        *-pci:3
             description: PCI bridge
             product: C610/X99 series chipset PCI Express Root Port #2
             vendor: Intel Corporation
             physical id: 1c.1
             bus info: pci@0000:00:1c.1
             version: d5
             width: 32 bits
             clock: 33MHz
             capabilities: pci pciexpress msi pm normal_decode bus_master cap_list
             configuration: driver=pcieport
             resources: irq:17
           *-pci
                description: PCI bridge
                product: XIO2001 PCI Express-to-PCI Bridge
                vendor: Texas Instruments
                physical id: 0
                bus info: pci@0000:04:00.0
                version: 00
                width: 64 bits
                clock: 33MHz
                capabilities: pci pm msi pciexpress normal_decode bus_master cap_list
                resources: iomemory:22a001f10-22a001f0f
        *-usb:2
             description: USB controller
             product: C610/X99 series chipset USB Enhanced Host Controller #1
             vendor: Intel Corporation
             physical id: 1d
             bus info: pci@0000:00:1d.0
             version: 05
             width: 32 bits
             clock: 33MHz
             capabilities: pm debug ehci bus_master cap_list
             configuration: driver=ehci-pci latency=0
             resources: irq:18 memory:f3437000-f34373ff
           *-usbhost
                product: EHCI Host Controller
                vendor: Linux 4.15.0-74-generic ehci_hcd
                physical id: 1
                bus info: usb@2
                logical name: usb2
                version: 4.15
                capabilities: usb-2.00
                configuration: driver=hub slots=3 speed=480Mbit/s
              *-usb
                   description: USB hub
                   vendor: Intel Corp.
                   physical id: 1
                   bus info: usb@2:1
                   version: 0.05
                   capabilities: usb-2.00
                   configuration: driver=hub slots=8 speed=480Mbit/s
        *-isa
             description: ISA bridge
             product: C610/X99 series chipset LPC Controller
             vendor: Intel Corporation
             physical id: 1f
             bus info: pci@0000:00:1f.0
             version: 05
             width: 32 bits
             clock: 33MHz
             capabilities: isa bus_master cap_list
             configuration: driver=lpc_ich latency=0
             resources: irq:0
        *-storage
             description: SATA controller
             product: C610/X99 series chipset 6-Port SATA Controller [AHCI mode]
             vendor: Intel Corporation
             physical id: 1f.2
             bus info: pci@0000:00:1f.2
             version: 05
             width: 32 bits
             clock: 66MHz
             capabilities: storage msi pm ahci_1.0 bus_master cap_list
             configuration: driver=ahci latency=0
             resources: irq:26 ioport:9070(size=8) ioport:9060(size=4) ioport:9050(size=8) ioport:9040(size=4) ioport:9000(size=32) memory:f3436000-f34367ff
        *-serial UNCLAIMED
             description: SMBus
             product: C610/X99 series chipset SMBus Controller
             vendor: Intel Corporation
             physical id: 1f.3
             bus info: pci@0000:00:1f.3
             version: 05
             width: 64 bits
             clock: 33MHz
             configuration: latency=0
             resources: memory:f3435000-f34350ff ioport:580(size=32)
     *-generic:0 UNCLAIMED
          description: System peripheral
          product: Xeon E7 v3/Xeon E5 v3/Core i7 QPI Link 0
          vendor: Intel Corporation
          physical id: 3
          bus info: pci@0000:df:08.0
          version: 02
          width: 32 bits
          clock: 33MHz
          configuration: latency=0
     *-generic:1
          description: Performance counters
          product: Xeon E7 v3/Xeon E5 v3/Core i7 QPI Link 0
          vendor: Intel Corporation
          physical id: 4
          bus info: pci@0000:df:08.2
          version: 02
          width: 32 bits
          clock: 33MHz
          configuration: driver=hswep_uncore latency=0
          resources: irq:0
     *-generic:2 UNCLAIMED
          description: System peripheral
          product: Xeon E7 v3/Xeon E5 v3/Core i7 QPI Link 0
          vendor: Intel Corporation
          physical id: 6
          bus info: pci@0000:df:08.3
          version: 02
          width: 32 bits
          clock: 33MHz
          capabilities: cap_list
          configuration: latency=0
     *-generic:3 UNCLAIMED
          description: System peripheral
          product: Xeon E7 v3/Xeon E5 v3/Core i7 QPI Link 1
          vendor: Intel Corporation
          physical id: 7
          bus info: pci@0000:df:09.0
          version: 02
          width: 32 bits
          clock: 33MHz
          configuration: latency=0
     *-generic:4
          description: Performance counters
          product: Xeon E7 v3/Xeon E5 v3/Core i7 QPI Link 1
          vendor: Intel Corporation
          physical id: 8
          bus info: pci@0000:df:09.2
          version: 02
          width: 32 bits
          clock: 33MHz
          configuration: driver=hswep_uncore latency=0
          resources: irq:0
     *-generic:5 UNCLAIMED
          description: System peripheral
          product: Xeon E7 v3/Xeon E5 v3/Core i7 QPI Link 1
          vendor: Intel Corporation
          physical id: 9
          bus info: pci@0000:df:09.3
          version: 02
          width: 32 bits
          clock: 33MHz
          capabilities: cap_list
          configuration: latency=0
     *-generic:6 UNCLAIMED
          description: System peripheral
          product: Xeon E7 v3/Xeon E5 v3/Core i7 R3 QPI Link 0 & 1 Monitoring
          vendor: Intel Corporation
          physical id: a
          bus info: pci@0000:df:0b.0
          version: 02
          width: 32 bits
          clock: 33MHz
          configuration: latency=0
     *-generic:7
          description: Performance counters
          product: Xeon E7 v3/Xeon E5 v3/Core i7 R3 QPI Link 0 & 1 Monitoring
          vendor: Intel Corporation
          physical id: b
          bus info: pci@0000:df:0b.1
          version: 02
          width: 32 bits
          clock: 33MHz
          configuration: driver=hswep_uncore latency=0
          resources: irq:0
     *-generic:8
          description: Performance counters
          product: Xeon E7 v3/Xeon E5 v3/Core i7 R3 QPI Link 0 & 1 Monitoring
          vendor: Intel Corporation
          physical id: c
          bus info: pci@0000:df:0b.2
          version: 02
          width: 32 bits
          clock: 33MHz
          configuration: driver=hswep_uncore latency=0
          resources: irq:0
     *-generic:9 UNCLAIMED
          description: System peripheral
          product: Xeon E7 v3/Xeon E5 v3/Core i7 Unicast Registers
          vendor: Intel Corporation
          physical id: d
          bus info: pci@0000:df:0c.0
          version: 02
          width: 32 bits
          clock: 33MHz
          configuration: latency=0
     *-generic:10 UNCLAIMED
          description: System peripheral
          product: Xeon E7 v3/Xeon E5 v3/Core i7 Unicast Registers
          vendor: Intel Corporation
          physical id: e
          bus info: pci@0000:df:0c.1
          version: 02
          width: 32 bits
          clock: 33MHz
          configuration: latency=0
     *-generic:11 UNCLAIMED
          description: System peripheral
          product: Xeon E7 v3/Xeon E5 v3/Core i7 Unicast Registers
          vendor: Intel Corporation
          physical id: f
          bus info: pci@0000:df:0c.2
          version: 02
          width: 32 bits
          clock: 33MHz
          configuration: latency=0
     *-generic:12 UNCLAIMED
          description: System peripheral
          product: Xeon E7 v3/Xeon E5 v3/Core i7 Unicast Registers
          vendor: Intel Corporation
          physical id: 10
          bus info: pci@0000:df:0c.3
          version: 02
          width: 32 bits
          clock: 33MHz
          configuration: latency=0
     *-generic:13 UNCLAIMED
          description: System peripheral
          product: Xeon E7 v3/Xeon E5 v3/Core i7 Unicast Registers
          vendor: Intel Corporation
          physical id: 11
          bus info: pci@0000:df:0c.4
          version: 02
          width: 32 bits
          clock: 33MHz
          configuration: latency=0
     *-generic:14 UNCLAIMED
          description: System peripheral
          product: Xeon E7 v3/Xeon E5 v3/Core i7 Unicast Registers
          vendor: Intel Corporation
          physical id: 12
          bus info: pci@0000:df:0c.5
          version: 02
          width: 32 bits
          clock: 33MHz
          configuration: latency=0
     *-generic:15 UNCLAIMED
          description: System peripheral
          product: Xeon E7 v3/Xeon E5 v3/Core i7 Unicast Registers
          vendor: Intel Corporation
          physical id: 13
          bus info: pci@0000:df:0c.6
          version: 02
          width: 32 bits
          clock: 33MHz
          configuration: latency=0
     *-generic:16 UNCLAIMED
          description: System peripheral
          product: Xeon E7 v3/Xeon E5 v3/Core i7 Unicast Registers
          vendor: Intel Corporation
          physical id: 14
          bus info: pci@0000:df:0c.7
          version: 02
          width: 32 bits
          clock: 33MHz
          configuration: latency=0
     *-generic:17 UNCLAIMED
          description: System peripheral
          product: Xeon E7 v3/Xeon E5 v3/Core i7 Unicast Registers
          vendor: Intel Corporation
          physical id: 15
          bus info: pci@0000:df:0d.0
          version: 02
          width: 32 bits
          clock: 33MHz
          configuration: latency=0
     *-generic:18 UNCLAIMED
          description: System peripheral
          product: Xeon E7 v3/Xeon E5 v3/Core i7 Unicast Registers
          vendor: Intel Corporation
          physical id: 16
          bus info: pci@0000:df:0d.1
          version: 02
          width: 32 bits
          clock: 33MHz
          configuration: latency=0
     *-generic:19 UNCLAIMED
          description: System peripheral
          product: Xeon E7 v3/Xeon E5 v3/Core i7 Unicast Registers
          vendor: Intel Corporation
          physical id: 17
          bus info: pci@0000:df:0d.2
          version: 02
          width: 32 bits
          clock: 33MHz
          configuration: latency=0
     *-generic:20 UNCLAIMED
          description: System peripheral
          product: Xeon E7 v3/Xeon E5 v3/Core i7 Unicast Registers
          vendor: Intel Corporation
          physical id: 18
          bus info: pci@0000:df:0d.3
          version: 02
          width: 32 bits
          clock: 33MHz
          configuration: latency=0
     *-generic:21 UNCLAIMED
          description: System peripheral
          product: Xeon E7 v3/Xeon E5 v3/Core i7 Unicast Registers
          vendor: Intel Corporation
          physical id: 19
          bus info: pci@0000:df:0d.4
          version: 02
          width: 32 bits
          clock: 33MHz
          configuration: latency=0
     *-generic:22 UNCLAIMED
          description: System peripheral
          product: Xeon E7 v3/Xeon E5 v3/Core i7 Unicast Registers
          vendor: Intel Corporation
          physical id: 1a
          bus info: pci@0000:df:0d.5
          version: 02
          width: 32 bits
          clock: 33MHz
          configuration: latency=0
     *-generic:23 UNCLAIMED
          description: System peripheral
          product: Xeon E7 v3/Xeon E5 v3/Core i7 Unicast Registers
          vendor: Intel Corporation
          physical id: 1b
          bus info: pci@0000:df:0d.6
          version: 02
          width: 32 bits
          clock: 33MHz
          configuration: latency=0
     *-generic:24 UNCLAIMED
          description: System peripheral
          product: Xeon E7 v3/Xeon E5 v3/Core i7 Unicast Registers
          vendor: Intel Corporation
          physical id: 1c
          bus info: pci@0000:df:0d.7
          version: 02
          width: 32 bits
          clock: 33MHz
          configuration: latency=0
     *-generic:25 UNCLAIMED
          description: System peripheral
          product: Xeon E7 v3/Xeon E5 v3/Core i7 Buffered Ring Agent
          vendor: Intel Corporation
          physical id: 1d
          bus info: pci@0000:df:0f.0
          version: 02
          width: 32 bits
          clock: 33MHz
          configuration: latency=0
     *-generic:26 UNCLAIMED
          description: System peripheral
          product: Xeon E7 v3/Xeon E5 v3/Core i7 Buffered Ring Agent
          vendor: Intel Corporation
          physical id: 1e
          bus info: pci@0000:df:0f.1
          version: 02
          width: 32 bits
          clock: 33MHz
          configuration: latency=0
     *-generic:27 UNCLAIMED
          description: System peripheral
          product: Xeon E7 v3/Xeon E5 v3/Core i7 Buffered Ring Agent
          vendor: Intel Corporation
          physical id: 1f
          bus info: pci@0000:df:0f.2
          version: 02
          width: 32 bits
          clock: 33MHz
          configuration: latency=0
     *-generic:28 UNCLAIMED
          description: System peripheral
          product: Xeon E7 v3/Xeon E5 v3/Core i7 Buffered Ring Agent
          vendor: Intel Corporation
          physical id: 20
          bus info: pci@0000:df:0f.3
          version: 02
          width: 32 bits
          clock: 33MHz
          configuration: latency=0
     *-generic:29 UNCLAIMED
          description: System peripheral
          product: Xeon E7 v3/Xeon E5 v3/Core i7 System Address Decoder & Broadcast Registers
          vendor: Intel Corporation
          physical id: 21
          bus info: pci@0000:df:0f.4
          version: 02
          width: 32 bits
          clock: 33MHz
          configuration: latency=0
     *-generic:30 UNCLAIMED
          description: System peripheral
          product: Xeon E7 v3/Xeon E5 v3/Core i7 System Address Decoder & Broadcast Registers
          vendor: Intel Corporation
          physical id: 22
          bus info: pci@0000:df:0f.5
          version: 02
          width: 32 bits
          clock: 33MHz
          configuration: latency=0
     *-generic:31 UNCLAIMED
          description: System peripheral
          product: Xeon E7 v3/Xeon E5 v3/Core i7 System Address Decoder & Broadcast Registers
          vendor: Intel Corporation
          physical id: 23
          bus info: pci@0000:df:0f.6
          version: 02
          width: 32 bits
          clock: 33MHz
          configuration: latency=0
     *-generic:32 UNCLAIMED
          description: System peripheral
          product: Xeon E7 v3/Xeon E5 v3/Core i7 PCIe Ring Interface
          vendor: Intel Corporation
          physical id: 24
          bus info: pci@0000:df:10.0
          version: 02
          width: 32 bits
          clock: 33MHz
          configuration: latency=0
     *-generic:33
          description: Performance counters
          product: Xeon E7 v3/Xeon E5 v3/Core i7 PCIe Ring Interface
          vendor: Intel Corporation
          physical id: 25
          bus info: pci@0000:df:10.1
          version: 02
          width: 32 bits
          clock: 33MHz
          configuration: driver=hswep_uncore latency=0
          resources: irq:0
     *-generic:34 UNCLAIMED
          description: System peripheral
          product: Xeon E7 v3/Xeon E5 v3/Core i7 Scratchpad & Semaphore Registers
          vendor: Intel Corporation
          physical id: 26
          bus info: pci@0000:df:10.5
          version: 02
          width: 32 bits
          clock: 33MHz
          configuration: latency=0
     *-generic:35 UNCLAIMED
          description: Performance counters
          product: Xeon E7 v3/Xeon E5 v3/Core i7 Scratchpad & Semaphore Registers
          vendor: Intel Corporation
          physical id: 27
          bus info: pci@0000:df:10.6
          version: 02
          width: 32 bits
          clock: 33MHz
          configuration: latency=0
     *-generic:36 UNCLAIMED
          description: System peripheral
          product: Xeon E7 v3/Xeon E5 v3/Core i7 Scratchpad & Semaphore Registers
          vendor: Intel Corporation
          physical id: 28
          bus info: pci@0000:df:10.7
          version: 02
          width: 32 bits
          clock: 33MHz
          configuration: latency=0
     *-generic:37 UNCLAIMED
          description: System peripheral
          product: Xeon E7 v3/Xeon E5 v3/Core i7 Home Agent 0
          vendor: Intel Corporation
          physical id: 29
          bus info: pci@0000:df:12.0
          version: 02
          width: 32 bits
          clock: 33MHz
          configuration: latency=0
     *-generic:38
          description: Performance counters
          product: Xeon E7 v3/Xeon E5 v3/Core i7 Home Agent 0
          vendor: Intel Corporation
          physical id: 2a
          bus info: pci@0000:df:12.1
          version: 02
          width: 32 bits
          clock: 33MHz
          configuration: driver=hswep_uncore latency=0
          resources: irq:0
     *-generic:39 UNCLAIMED
          description: System peripheral
          product: Xeon E7 v3/Xeon E5 v3/Core i7 Home Agent 1
          vendor: Intel Corporation
          physical id: 2b
          bus info: pci@0000:df:12.4
          version: 02
          width: 32 bits
          clock: 33MHz
          configuration: latency=0
     *-generic:40
          description: Performance counters
          product: Xeon E7 v3/Xeon E5 v3/Core i7 Home Agent 1
          vendor: Intel Corporation
          physical id: 2c
          bus info: pci@0000:df:12.5
          version: 02
          width: 32 bits
          clock: 33MHz
          configuration: driver=hswep_uncore latency=0
          resources: irq:0
     *-generic:41 UNCLAIMED
          description: System peripheral
          product: Xeon E7 v3/Xeon E5 v3/Core i7 Integrated Memory Controller 0 Target Address, Thermal & RAS Registers
          vendor: Intel Corporation
          physical id: 2d
          bus info: pci@0000:df:13.0
          version: 02
          width: 32 bits
          clock: 33MHz
          capabilities: cap_list
          configuration: latency=0
     *-generic:42 UNCLAIMED
          description: System peripheral
          product: Xeon E7 v3/Xeon E5 v3/Core i7 Integrated Memory Controller 0 Target Address, Thermal & RAS Registers
          vendor: Intel Corporation
          physical id: 2e
          bus info: pci@0000:df:13.1
          version: 02
          width: 32 bits
          clock: 33MHz
          capabilities: cap_list
          configuration: latency=0
     *-generic:43 UNCLAIMED
          description: System peripheral
          product: Xeon E7 v3/Xeon E5 v3/Core i7 Integrated Memory Controller 0 Channel Target Address Decoder
          vendor: Intel Corporation
          physical id: 30
          bus info: pci@0000:df:13.2
          version: 02
          width: 32 bits
          clock: 33MHz
          capabilities: cap_list
          configuration: latency=0
     *-generic:44 UNCLAIMED
          description: System peripheral
          product: Xeon E7 v3/Xeon E5 v3/Core i7 Integrated Memory Controller 0 Channel Target Address Decoder
          vendor: Intel Corporation
          physical id: 31
          bus info: pci@0000:df:13.3
          version: 02
          width: 32 bits
          clock: 33MHz
          capabilities: cap_list
          configuration: latency=0
     *-generic:45 UNCLAIMED
          description: System peripheral
          product: Xeon E7 v3/Xeon E5 v3/Core i7 DDRIO Channel 0/1 Broadcast
          vendor: Intel Corporation
          physical id: 32
          bus info: pci@0000:df:13.6
          version: 02
          width: 32 bits
          clock: 33MHz
          configuration: latency=0
     *-generic:46 UNCLAIMED
          description: System peripheral
          product: Xeon E7 v3/Xeon E5 v3/Core i7 DDRIO Global Broadcast
          vendor: Intel Corporation
          physical id: 33
          bus info: pci@0000:df:13.7
          version: 02
          width: 32 bits
          clock: 33MHz
          configuration: latency=0
     *-generic:47
          description: System peripheral
          product: Xeon E7 v3/Xeon E5 v3/Core i7 Integrated Memory Controller 0 Channel 0 Thermal Control
          vendor: Intel Corporation
          physical id: 34
          bus info: pci@0000:df:14.0
          version: 02
          width: 32 bits
          clock: 33MHz
          capabilities: cap_list
          configuration: driver=hswep_uncore latency=0
          resources: irq:0
     *-generic:48
          description: System peripheral
          product: Xeon E7 v3/Xeon E5 v3/Core i7 Integrated Memory Controller 0 Channel 1 Thermal Control
          vendor: Intel Corporation
          physical id: 35
          bus info: pci@0000:df:14.1
          version: 02
          width: 32 bits
          clock: 33MHz
          capabilities: cap_list
          configuration: driver=hswep_uncore latency=0
          resources: irq:0
     *-generic:49 UNCLAIMED
          description: System peripheral
          product: Xeon E7 v3/Xeon E5 v3/Core i7 Integrated Memory Controller 0 Channel 0 ERROR Registers
          vendor: Intel Corporation
          physical id: 36
          bus info: pci@0000:df:14.2
          version: 02
          width: 32 bits
          clock: 33MHz
          capabilities: cap_list
          configuration: latency=0
     *-generic:50 UNCLAIMED
          description: System peripheral
          product: Xeon E7 v3/Xeon E5 v3/Core i7 Integrated Memory Controller 0 Channel 1 ERROR Registers
          vendor: Intel Corporation
          physical id: 37
          bus info: pci@0000:df:14.3
          version: 02
          width: 32 bits
          clock: 33MHz
          capabilities: cap_list
          configuration: latency=0
     *-generic:51 UNCLAIMED
          description: System peripheral
          product: Xeon E7 v3/Xeon E5 v3/Core i7 DDRIO (VMSE) 0 & 1
          vendor: Intel Corporation
          physical id: 38
          bus info: pci@0000:df:14.4
          version: 02
          width: 32 bits
          clock: 33MHz
          configuration: latency=0
     *-generic:52 UNCLAIMED
          description: System peripheral
          product: Xeon E7 v3/Xeon E5 v3/Core i7 DDRIO (VMSE) 0 & 1
          vendor: Intel Corporation
          physical id: 39
          bus info: pci@0000:df:14.5
          version: 02
          width: 32 bits
          clock: 33MHz
          configuration: latency=0
     *-generic:53 UNCLAIMED
          description: System peripheral
          product: Xeon E7 v3/Xeon E5 v3/Core i7 DDRIO (VMSE) 0 & 1
          vendor: Intel Corporation
          physical id: 3a
          bus info: pci@0000:df:14.6
          version: 02
          width: 32 bits
          clock: 33MHz
          configuration: latency=0
     *-generic:54 UNCLAIMED
          description: System peripheral
          product: Xeon E7 v3/Xeon E5 v3/Core i7 DDRIO (VMSE) 0 & 1
          vendor: Intel Corporation
          physical id: 3b
          bus info: pci@0000:df:14.7
          version: 02
          width: 32 bits
          clock: 33MHz
          configuration: latency=0
     *-generic:55 UNCLAIMED
          description: System peripheral
          product: Xeon E7 v3/Xeon E5 v3/Core i7 Integrated Memory Controller 1 Target Address, Thermal & RAS Registers
          vendor: Intel Corporation
          physical id: 3c
          bus info: pci@0000:df:16.0
          version: 02
          width: 32 bits
          clock: 33MHz
          capabilities: cap_list
          configuration: latency=0
     *-generic:56 UNCLAIMED
          description: System peripheral
          product: Xeon E7 v3/Xeon E5 v3/Core i7 Integrated Memory Controller 1 Target Address, Thermal & RAS Registers
          vendor: Intel Corporation
          physical id: 3d
          bus info: pci@0000:df:16.1
          version: 02
          width: 32 bits
          clock: 33MHz
          capabilities: cap_list
          configuration: latency=0
     *-generic:57 UNCLAIMED
          description: System peripheral
          product: Xeon E7 v3/Xeon E5 v3/Core i7 Integrated Memory Controller 1 Channel Target Address Decoder
          vendor: Intel Corporation
          physical id: 3e
          bus info: pci@0000:df:16.2
          version: 02
          width: 32 bits
          clock: 33MHz
          capabilities: cap_list
          configuration: latency=0
     *-generic:58 UNCLAIMED
          description: System peripheral
          product: Xeon E7 v3/Xeon E5 v3/Core i7 Integrated Memory Controller 1 Channel Target Address Decoder
          vendor: Intel Corporation
          physical id: 3f
          bus info: pci@0000:df:16.3
          version: 02
          width: 32 bits
          clock: 33MHz
          capabilities: cap_list
          configuration: latency=0
     *-generic:59 UNCLAIMED
          description: System peripheral
          product: Xeon E7 v3/Xeon E5 v3/Core i7 DDRIO Channel 2/3 Broadcast
          vendor: Intel Corporation
          physical id: 40
          bus info: pci@0000:df:16.6
          version: 02
          width: 32 bits
          clock: 33MHz
          configuration: latency=0
     *-generic:60 UNCLAIMED
          description: System peripheral
          product: Xeon E7 v3/Xeon E5 v3/Core i7 DDRIO Global Broadcast
          vendor: Intel Corporation
          physical id: 41
          bus info: pci@0000:df:16.7
          version: 02
          width: 32 bits
          clock: 33MHz
          configuration: latency=0
     *-generic:61
          description: System peripheral
          product: Xeon E7 v3/Xeon E5 v3/Core i7 Integrated Memory Controller 1 Channel 0 Thermal Control
          vendor: Intel Corporation
          physical id: 42
          bus info: pci@0000:df:17.0
          version: 02
          width: 32 bits
          clock: 33MHz
          capabilities: cap_list
          configuration: driver=hswep_uncore latency=0
          resources: irq:0
     *-generic:62
          description: System peripheral
          product: Xeon E7 v3/Xeon E5 v3/Core i7 Integrated Memory Controller 1 Channel 1 Thermal Control
          vendor: Intel Corporation
          physical id: 43
          bus info: pci@0000:df:17.1
          version: 02
          width: 32 bits
          clock: 33MHz
          capabilities: cap_list
          configuration: driver=hswep_uncore latency=0
          resources: irq:0
     *-generic:63 UNCLAIMED
          description: System peripheral
          product: Xeon E7 v3/Xeon E5 v3/Core i7 Integrated Memory Controller 1 Channel 0 ERROR Registers
          vendor: Intel Corporation
          physical id: 44
          bus info: pci@0000:df:17.2
          version: 02
          width: 32 bits
          clock: 33MHz
          capabilities: cap_list
          configuration: latency=0
     *-generic:64 UNCLAIMED
          description: System peripheral
          product: Xeon E7 v3/Xeon E5 v3/Core i7 Integrated Memory Controller 1 Channel 1 ERROR Registers
          vendor: Intel Corporation
          physical id: 45
          bus info: pci@0000:df:17.3
          version: 02
          width: 32 bits
          clock: 33MHz
          capabilities: cap_list
          configuration: latency=0
     *-generic:65 UNCLAIMED
          description: System peripheral
          product: Xeon E7 v3/Xeon E5 v3/Core i7 DDRIO (VMSE) 2 & 3
          vendor: Intel Corporation
          physical id: 46
          bus info: pci@0000:df:17.4
          version: 02
          width: 32 bits
          clock: 33MHz
          configuration: latency=0
     *-generic:66 UNCLAIMED
          description: System peripheral
          product: Xeon E7 v3/Xeon E5 v3/Core i7 DDRIO (VMSE) 2 & 3
          vendor: Intel Corporation
          physical id: 47
          bus info: pci@0000:df:17.5
          version: 02
          width: 32 bits
          clock: 33MHz
          configuration: latency=0
     *-generic:67 UNCLAIMED
          description: System peripheral
          product: Xeon E7 v3/Xeon E5 v3/Core i7 DDRIO (VMSE) 2 & 3
          vendor: Intel Corporation
          physical id: 48
          bus info: pci@0000:df:17.6
          version: 02
          width: 32 bits
          clock: 33MHz
          configuration: latency=0
     *-generic:68 UNCLAIMED
          description: System peripheral
          product: Xeon E7 v3/Xeon E5 v3/Core i7 DDRIO (VMSE) 2 & 3
          vendor: Intel Corporation
          physical id: 49
          bus info: pci@0000:df:17.7
          version: 02
          width: 32 bits
          clock: 33MHz
          configuration: latency=0
     *-generic:69 UNCLAIMED
          description: System peripheral
          product: Xeon E7 v3/Xeon E5 v3/Core i7 Power Control Unit
          vendor: Intel Corporation
          physical id: 4a
          bus info: pci@0000:df:1e.0
          version: 02
          width: 32 bits
          clock: 33MHz
          configuration: latency=0
     *-generic:70 UNCLAIMED
          description: System peripheral
          product: Xeon E7 v3/Xeon E5 v3/Core i7 Power Control Unit
          vendor: Intel Corporation
          physical id: 4b
          bus info: pci@0000:df:1e.1
          version: 02
          width: 32 bits
          clock: 33MHz
          configuration: latency=0
     *-generic:71 UNCLAIMED
          description: System peripheral
          product: Xeon E7 v3/Xeon E5 v3/Core i7 Power Control Unit
          vendor: Intel Corporation
          physical id: 4c
          bus info: pci@0000:df:1e.2
          version: 02
          width: 32 bits
          clock: 33MHz
          configuration: latency=0
     *-generic:72
          description: System peripheral
          product: Xeon E7 v3/Xeon E5 v3/Core i7 Power Control Unit
          vendor: Intel Corporation
          physical id: 4e
          bus info: pci@0000:df:1e.3
          version: 02
          width: 32 bits
          clock: 33MHz
          configuration: driver=hswep_uncore latency=0
          resources: irq:0
     *-generic:73 UNCLAIMED
          description: System peripheral
          product: Xeon E7 v3/Xeon E5 v3/Core i7 Power Control Unit
          vendor: Intel Corporation
          physical id: 4f
          bus info: pci@0000:df:1e.4
          version: 02
          width: 32 bits
          clock: 33MHz
          configuration: latency=0
     *-generic:74 UNCLAIMED
          description: System peripheral
          product: Xeon E7 v3/Xeon E5 v3/Core i7 VCU
          vendor: Intel Corporation
          physical id: 50
          bus info: pci@0000:df:1f.0
          version: 02
          width: 32 bits
          clock: 33MHz
          configuration: latency=0
     *-generic:75 UNCLAIMED
          description: System peripheral
          product: Xeon E7 v3/Xeon E5 v3/Core i7 VCU
          vendor: Intel Corporation
          physical id: 51
          bus info: pci@0000:df:1f.2
          version: 02
          width: 32 bits
          clock: 33MHz
          configuration: latency=0
     *-generic:76 UNCLAIMED
          description: System peripheral
          product: Xeon E7 v3/Xeon E5 v3/Core i7 Address Map, VTd_Misc, System Management
          vendor: Intel Corporation
          physical id: 5
          bus info: pci@0000:e0:05.0
          version: 02
          width: 32 bits
          clock: 33MHz
          capabilities: pciexpress cap_list
          configuration: latency=0
     *-generic:77 UNCLAIMED
          description: System peripheral
          product: Xeon E7 v3/Xeon E5 v3/Core i7 Hot Plug
          vendor: Intel Corporation
          physical id: 5.1
          bus info: pci@0000:e0:05.1
          version: 02
          width: 32 bits
          clock: 33MHz
          capabilities: pciexpress msi cap_list
          configuration: latency=0
     *-generic:78 UNCLAIMED
          description: System peripheral
          product: Xeon E7 v3/Xeon E5 v3/Core i7 RAS, Control Status and Global Errors
          vendor: Intel Corporation
          physical id: 5.2
          bus info: pci@0000:e0:05.2
          version: 02
          width: 32 bits
          clock: 33MHz
          capabilities: pciexpress cap_list
          configuration: latency=0
     *-generic:79 UNCLAIMED
          description: PIC
          product: Xeon E7 v3/Xeon E5 v3/Core i7 I/O APIC
          vendor: Intel Corporation
          physical id: 5.4
          bus info: pci@0000:e0:05.4
          version: 02
          width: 32 bits
          clock: 33MHz
          capabilities: pciexpress pm io_x_-apic bus_master cap_list
          configuration: latency=0
          resources: memory:f7f00000-f7f00fff
     *-generic:80 UNCLAIMED
          description: System peripheral
          product: Xeon E7 v3/Xeon E5 v3/Core i7 QPI Link 0
          vendor: Intel Corporation
          physical id: 52
          bus info: pci@0000:ff:08.0
          version: 02
          width: 32 bits
          clock: 33MHz
          configuration: latency=0
     *-generic:81
          description: Performance counters
          product: Xeon E7 v3/Xeon E5 v3/Core i7 QPI Link 0
          vendor: Intel Corporation
          physical id: 53
          bus info: pci@0000:ff:08.2
          version: 02
          width: 32 bits
          clock: 33MHz
          configuration: driver=hswep_uncore latency=0
          resources: irq:0
     *-generic:82 UNCLAIMED
          description: System peripheral
          product: Xeon E7 v3/Xeon E5 v3/Core i7 QPI Link 0
          vendor: Intel Corporation
          physical id: 54
          bus info: pci@0000:ff:08.3
          version: 02
          width: 32 bits
          clock: 33MHz
          capabilities: cap_list
          configuration: latency=0
     *-generic:83 UNCLAIMED
          description: System peripheral
          product: Xeon E7 v3/Xeon E5 v3/Core i7 QPI Link 1
          vendor: Intel Corporation
          physical id: 55
          bus info: pci@0000:ff:09.0
          version: 02
          width: 32 bits
          clock: 33MHz
          configuration: latency=0
     *-generic:84
          description: Performance counters
          product: Xeon E7 v3/Xeon E5 v3/Core i7 QPI Link 1
          vendor: Intel Corporation
          physical id: 56
          bus info: pci@0000:ff:09.2
          version: 02
          width: 32 bits
          clock: 33MHz
          configuration: driver=hswep_uncore latency=0
          resources: irq:0
     *-generic:85 UNCLAIMED
          description: System peripheral
          product: Xeon E7 v3/Xeon E5 v3/Core i7 QPI Link 1
          vendor: Intel Corporation
          physical id: 57
          bus info: pci@0000:ff:09.3
          version: 02
          width: 32 bits
          clock: 33MHz
          capabilities: cap_list
          configuration: latency=0
     *-generic:86 UNCLAIMED
          description: System peripheral
          product: Xeon E7 v3/Xeon E5 v3/Core i7 R3 QPI Link 0 & 1 Monitoring
          vendor: Intel Corporation
          physical id: 58
          bus info: pci@0000:ff:0b.0
          version: 02
          width: 32 bits
          clock: 33MHz
          configuration: latency=0
     *-generic:87
          description: Performance counters
          product: Xeon E7 v3/Xeon E5 v3/Core i7 R3 QPI Link 0 & 1 Monitoring
          vendor: Intel Corporation
          physical id: 59
          bus info: pci@0000:ff:0b.1
          version: 02
          width: 32 bits
          clock: 33MHz
          configuration: driver=hswep_uncore latency=0
          resources: irq:0
     *-generic:88
          description: Performance counters
          product: Xeon E7 v3/Xeon E5 v3/Core i7 R3 QPI Link 0 & 1 Monitoring
          vendor: Intel Corporation
          physical id: 5a
          bus info: pci@0000:ff:0b.2
          version: 02
          width: 32 bits
          clock: 33MHz
          configuration: driver=hswep_uncore latency=0
          resources: irq:0
     *-generic:89 UNCLAIMED
          description: System peripheral
          product: Xeon E7 v3/Xeon E5 v3/Core i7 Unicast Registers
          vendor: Intel Corporation
          physical id: 5b
          bus info: pci@0000:ff:0c.0
          version: 02
          width: 32 bits
          clock: 33MHz
          configuration: latency=0
     *-generic:90 UNCLAIMED
          description: System peripheral
          product: Xeon E7 v3/Xeon E5 v3/Core i7 Unicast Registers
          vendor: Intel Corporation
          physical id: 5d
          bus info: pci@0000:ff:0c.1
          version: 02
          width: 32 bits
          clock: 33MHz
          configuration: latency=0
     *-generic:91 UNCLAIMED
          description: System peripheral
          product: Xeon E7 v3/Xeon E5 v3/Core i7 Unicast Registers
          vendor: Intel Corporation
          physical id: 5e
          bus info: pci@0000:ff:0c.2
          version: 02
          width: 32 bits
          clock: 33MHz
          configuration: latency=0
     *-generic:92 UNCLAIMED
          description: System peripheral
          product: Xeon E7 v3/Xeon E5 v3/Core i7 Unicast Registers
          vendor: Intel Corporation
          physical id: 5f
          bus info: pci@0000:ff:0c.3
          version: 02
          width: 32 bits
          clock: 33MHz
          configuration: latency=0
     *-generic:93 UNCLAIMED
          description: System peripheral
          product: Xeon E7 v3/Xeon E5 v3/Core i7 Unicast Registers
          vendor: Intel Corporation
          physical id: 60
          bus info: pci@0000:ff:0c.4
          version: 02
          width: 32 bits
          clock: 33MHz
          configuration: latency=0
     *-generic:94 UNCLAIMED
          description: System peripheral
          product: Xeon E7 v3/Xeon E5 v3/Core i7 Unicast Registers
          vendor: Intel Corporation
          physical id: 61
          bus info: pci@0000:ff:0c.5
          version: 02
          width: 32 bits
          clock: 33MHz
          configuration: latency=0
     *-generic:95 UNCLAIMED
          description: System peripheral
          product: Xeon E7 v3/Xeon E5 v3/Core i7 Unicast Registers
          vendor: Intel Corporation
          physical id: 62
          bus info: pci@0000:ff:0c.6
          version: 02
          width: 32 bits
          clock: 33MHz
          configuration: latency=0
     *-generic:96 UNCLAIMED
          description: System peripheral
          product: Xeon E7 v3/Xeon E5 v3/Core i7 Unicast Registers
          vendor: Intel Corporation
          physical id: 63
          bus info: pci@0000:ff:0c.7
          version: 02
          width: 32 bits
          clock: 33MHz
          configuration: latency=0
     *-generic:97 UNCLAIMED
          description: System peripheral
          product: Xeon E7 v3/Xeon E5 v3/Core i7 Unicast Registers
          vendor: Intel Corporation
          physical id: 64
          bus info: pci@0000:ff:0d.0
          version: 02
          width: 32 bits
          clock: 33MHz
          configuration: latency=0
     *-generic:98 UNCLAIMED
          description: System peripheral
          product: Xeon E7 v3/Xeon E5 v3/Core i7 Unicast Registers
          vendor: Intel Corporation
          physical id: 65
          bus info: pci@0000:ff:0d.1
          version: 02
          width: 32 bits
          clock: 33MHz
          configuration: latency=0
     *-generic:99 UNCLAIMED
          description: System peripheral
          product: Xeon E7 v3/Xeon E5 v3/Core i7 Unicast Registers
          vendor: Intel Corporation
          physical id: 66
          bus info: pci@0000:ff:0d.2
          version: 02
          width: 32 bits
          clock: 33MHz
          configuration: latency=0
     *-generic:100 UNCLAIMED
          description: System peripheral
          product: Xeon E7 v3/Xeon E5 v3/Core i7 Unicast Registers
          vendor: Intel Corporation
          physical id: 67
          bus info: pci@0000:ff:0d.3
          version: 02
          width: 32 bits
          clock: 33MHz
          configuration: latency=0
     *-generic:101 UNCLAIMED
          description: System peripheral
          product: Xeon E7 v3/Xeon E5 v3/Core i7 Unicast Registers
          vendor: Intel Corporation
          physical id: 68
          bus info: pci@0000:ff:0d.4
          version: 02
          width: 32 bits
          clock: 33MHz
          configuration: latency=0
     *-generic:102 UNCLAIMED
          description: System peripheral
          product: Xeon E7 v3/Xeon E5 v3/Core i7 Unicast Registers
          vendor: Intel Corporation
          physical id: 69
          bus info: pci@0000:ff:0d.5
          version: 02
          width: 32 bits
          clock: 33MHz
          configuration: latency=0
     *-generic:103 UNCLAIMED
          description: System peripheral
          product: Xeon E7 v3/Xeon E5 v3/Core i7 Unicast Registers
          vendor: Intel Corporation
          physical id: 6a
          bus info: pci@0000:ff:0d.6
          version: 02
          width: 32 bits
          clock: 33MHz
          configuration: latency=0
     *-generic:104 UNCLAIMED
          description: System peripheral
          product: Xeon E7 v3/Xeon E5 v3/Core i7 Unicast Registers
          vendor: Intel Corporation
          physical id: 6b
          bus info: pci@0000:ff:0d.7
          version: 02
          width: 32 bits
          clock: 33MHz
          configuration: latency=0
     *-generic:105 UNCLAIMED
          description: System peripheral
          product: Xeon E7 v3/Xeon E5 v3/Core i7 Buffered Ring Agent
          vendor: Intel Corporation
          physical id: 6c
          bus info: pci@0000:ff:0f.0
          version: 02
          width: 32 bits
          clock: 33MHz
          configuration: latency=0
     *-generic:106 UNCLAIMED
          description: System peripheral
          product: Xeon E7 v3/Xeon E5 v3/Core i7 Buffered Ring Agent
          vendor: Intel Corporation
          physical id: 6d
          bus info: pci@0000:ff:0f.1
          version: 02
          width: 32 bits
          clock: 33MHz
          configuration: latency=0
     *-generic:107 UNCLAIMED
          description: System peripheral
          product: Xeon E7 v3/Xeon E5 v3/Core i7 Buffered Ring Agent
          vendor: Intel Corporation
          physical id: 6e
          bus info: pci@0000:ff:0f.2
          version: 02
          width: 32 bits
          clock: 33MHz
          configuration: latency=0
     *-generic:108 UNCLAIMED
          description: System peripheral
          product: Xeon E7 v3/Xeon E5 v3/Core i7 Buffered Ring Agent
          vendor: Intel Corporation
          physical id: 6f
          bus info: pci@0000:ff:0f.3
          version: 02
          width: 32 bits
          clock: 33MHz
          configuration: latency=0
     *-generic:109 UNCLAIMED
          description: System peripheral
          product: Xeon E7 v3/Xeon E5 v3/Core i7 System Address Decoder & Broadcast Registers
          vendor: Intel Corporation
          physical id: 70
          bus info: pci@0000:ff:0f.4
          version: 02
          width: 32 bits
          clock: 33MHz
          configuration: latency=0
     *-generic:110 UNCLAIMED
          description: System peripheral
          product: Xeon E7 v3/Xeon E5 v3/Core i7 System Address Decoder & Broadcast Registers
          vendor: Intel Corporation
          physical id: 71
          bus info: pci@0000:ff:0f.5
          version: 02
          width: 32 bits
          clock: 33MHz
          configuration: latency=0
     *-generic:111 UNCLAIMED
          description: System peripheral
          product: Xeon E7 v3/Xeon E5 v3/Core i7 System Address Decoder & Broadcast Registers
          vendor: Intel Corporation
          physical id: 72
          bus info: pci@0000:ff:0f.6
          version: 02
          width: 32 bits
          clock: 33MHz
          configuration: latency=0
     *-generic:112 UNCLAIMED
          description: System peripheral
          product: Xeon E7 v3/Xeon E5 v3/Core i7 PCIe Ring Interface
          vendor: Intel Corporation
          physical id: 73
          bus info: pci@0000:ff:10.0
          version: 02
          width: 32 bits
          clock: 33MHz
          configuration: latency=0
     *-generic:113
          description: Performance counters
          product: Xeon E7 v3/Xeon E5 v3/Core i7 PCIe Ring Interface
          vendor: Intel Corporation
          physical id: 74
          bus info: pci@0000:ff:10.1
          version: 02
          width: 32 bits
          clock: 33MHz
          configuration: driver=hswep_uncore latency=0
          resources: irq:0
     *-generic:114 UNCLAIMED
          description: System peripheral
          product: Xeon E7 v3/Xeon E5 v3/Core i7 Scratchpad & Semaphore Registers
          vendor: Intel Corporation
          physical id: 75
          bus info: pci@0000:ff:10.5
          version: 02
          width: 32 bits
          clock: 33MHz
          configuration: latency=0
     *-generic:115 UNCLAIMED
          description: Performance counters
          product: Xeon E7 v3/Xeon E5 v3/Core i7 Scratchpad & Semaphore Registers
          vendor: Intel Corporation
          physical id: 76
          bus info: pci@0000:ff:10.6
          version: 02
          width: 32 bits
          clock: 33MHz
          configuration: latency=0
     *-generic:116 UNCLAIMED
          description: System peripheral
          product: Xeon E7 v3/Xeon E5 v3/Core i7 Scratchpad & Semaphore Registers
          vendor: Intel Corporation
          physical id: 77
          bus info: pci@0000:ff:10.7
          version: 02
          width: 32 bits
          clock: 33MHz
          configuration: latency=0
     *-generic:117 UNCLAIMED
          description: System peripheral
          product: Xeon E7 v3/Xeon E5 v3/Core i7 Home Agent 0
          vendor: Intel Corporation
          physical id: 78
          bus info: pci@0000:ff:12.0
          version: 02
          width: 32 bits
          clock: 33MHz
          configuration: latency=0
     *-generic:118
          description: Performance counters
          product: Xeon E7 v3/Xeon E5 v3/Core i7 Home Agent 0
          vendor: Intel Corporation
          physical id: 79
          bus info: pci@0000:ff:12.1
          version: 02
          width: 32 bits
          clock: 33MHz
          configuration: driver=hswep_uncore latency=0
          resources: irq:0
     *-generic:119 UNCLAIMED
          description: System peripheral
          product: Xeon E7 v3/Xeon E5 v3/Core i7 Home Agent 1
          vendor: Intel Corporation
          physical id: 7b
          bus info: pci@0000:ff:12.4
          version: 02
          width: 32 bits
          clock: 33MHz
          configuration: latency=0
     *-generic:120
          description: Performance counters
          product: Xeon E7 v3/Xeon E5 v3/Core i7 Home Agent 1
          vendor: Intel Corporation
          physical id: 7c
          bus info: pci@0000:ff:12.5
          version: 02
          width: 32 bits
          clock: 33MHz
          configuration: driver=hswep_uncore latency=0
          resources: irq:0
     *-generic:121 UNCLAIMED
          description: System peripheral
          product: Xeon E7 v3/Xeon E5 v3/Core i7 Integrated Memory Controller 0 Target Address, Thermal & RAS Registers
          vendor: Intel Corporation
          physical id: 7d
          bus info: pci@0000:ff:13.0
          version: 02
          width: 32 bits
          clock: 33MHz
          capabilities: cap_list
          configuration: latency=0
     *-generic:122 UNCLAIMED
          description: System peripheral
          product: Xeon E7 v3/Xeon E5 v3/Core i7 Integrated Memory Controller 0 Target Address, Thermal & RAS Registers
          vendor: Intel Corporation
          physical id: 7e
          bus info: pci@0000:ff:13.1
          version: 02
          width: 32 bits
          clock: 33MHz
          capabilities: cap_list
          configuration: latency=0
     *-generic:123 UNCLAIMED
          description: System peripheral
          product: Xeon E7 v3/Xeon E5 v3/Core i7 Integrated Memory Controller 0 Channel Target Address Decoder
          vendor: Intel Corporation
          physical id: 7f
          bus info: pci@0000:ff:13.2
          version: 02
          width: 32 bits
          clock: 33MHz
          capabilities: cap_list
          configuration: latency=0
     *-generic:124 UNCLAIMED
          description: System peripheral
          product: Xeon E7 v3/Xeon E5 v3/Core i7 Integrated Memory Controller 0 Channel Target Address Decoder
          vendor: Intel Corporation
          physical id: 80
          bus info: pci@0000:ff:13.3
          version: 02
          width: 32 bits
          clock: 33MHz
          capabilities: cap_list
          configuration: latency=0
     *-generic:125 UNCLAIMED
          description: System peripheral
          product: Xeon E7 v3/Xeon E5 v3/Core i7 DDRIO Channel 0/1 Broadcast
          vendor: Intel Corporation
          physical id: 81
          bus info: pci@0000:ff:13.6
          version: 02
          width: 32 bits
          clock: 33MHz
          configuration: latency=0
     *-generic:126 UNCLAIMED
          description: System peripheral
          product: Xeon E7 v3/Xeon E5 v3/Core i7 DDRIO Global Broadcast
          vendor: Intel Corporation
          physical id: 82
          bus info: pci@0000:ff:13.7
          version: 02
          width: 32 bits
          clock: 33MHz
          configuration: latency=0
     *-generic:127
          description: System peripheral
          product: Xeon E7 v3/Xeon E5 v3/Core i7 Integrated Memory Controller 0 Channel 0 Thermal Control
          vendor: Intel Corporation
          physical id: 83
          bus info: pci@0000:ff:14.0
          version: 02
          width: 32 bits
          clock: 33MHz
          capabilities: cap_list
          configuration: driver=hswep_uncore latency=0
          resources: irq:0
     *-generic:128
          description: System peripheral
          product: Xeon E7 v3/Xeon E5 v3/Core i7 Integrated Memory Controller 0 Channel 1 Thermal Control
          vendor: Intel Corporation
          physical id: 84
          bus info: pci@0000:ff:14.1
          version: 02
          width: 32 bits
          clock: 33MHz
          capabilities: cap_list
          configuration: driver=hswep_uncore latency=0
          resources: irq:0
     *-generic:129 UNCLAIMED
          description: System peripheral
          product: Xeon E7 v3/Xeon E5 v3/Core i7 Integrated Memory Controller 0 Channel 0 ERROR Registers
          vendor: Intel Corporation
          physical id: 85
          bus info: pci@0000:ff:14.2
          version: 02
          width: 32 bits
          clock: 33MHz
          capabilities: cap_list
          configuration: latency=0
     *-generic:130 UNCLAIMED
          description: System peripheral
          product: Xeon E7 v3/Xeon E5 v3/Core i7 Integrated Memory Controller 0 Channel 1 ERROR Registers
          vendor: Intel Corporation
          physical id: 86
          bus info: pci@0000:ff:14.3
          version: 02
          width: 32 bits
          clock: 33MHz
          capabilities: cap_list
          configuration: latency=0
     *-generic:131 UNCLAIMED
          description: System peripheral
          product: Xeon E7 v3/Xeon E5 v3/Core i7 DDRIO (VMSE) 0 & 1
          vendor: Intel Corporation
          physical id: 87
          bus info: pci@0000:ff:14.4
          version: 02
          width: 32 bits
          clock: 33MHz
          configuration: latency=0
     *-generic:132 UNCLAIMED
          description: System peripheral
          product: Xeon E7 v3/Xeon E5 v3/Core i7 DDRIO (VMSE) 0 & 1
          vendor: Intel Corporation
          physical id: 88
          bus info: pci@0000:ff:14.5
          version: 02
          width: 32 bits
          clock: 33MHz
          configuration: latency=0
     *-generic:133 UNCLAIMED
          description: System peripheral
          product: Xeon E7 v3/Xeon E5 v3/Core i7 DDRIO (VMSE) 0 & 1
          vendor: Intel Corporation
          physical id: 89
          bus info: pci@0000:ff:14.6
          version: 02
          width: 32 bits
          clock: 33MHz
          configuration: latency=0
     *-generic:134 UNCLAIMED
          description: System peripheral
          product: Xeon E7 v3/Xeon E5 v3/Core i7 DDRIO (VMSE) 0 & 1
          vendor: Intel Corporation
          physical id: 8a
          bus info: pci@0000:ff:14.7
          version: 02
          width: 32 bits
          clock: 33MHz
          configuration: latency=0
     *-generic:135 UNCLAIMED
          description: System peripheral
          product: Xeon E7 v3/Xeon E5 v3/Core i7 Integrated Memory Controller 1 Target Address, Thermal & RAS Registers
          vendor: Intel Corporation
          physical id: 8b
          bus info: pci@0000:ff:16.0
          version: 02
          width: 32 bits
          clock: 33MHz
          capabilities: cap_list
          configuration: latency=0
     *-generic:136 UNCLAIMED
          description: System peripheral
          product: Xeon E7 v3/Xeon E5 v3/Core i7 Integrated Memory Controller 1 Target Address, Thermal & RAS Registers
          vendor: Intel Corporation
          physical id: 8c
          bus info: pci@0000:ff:16.1
          version: 02
          width: 32 bits
          clock: 33MHz
          capabilities: cap_list
          configuration: latency=0
     *-generic:137 UNCLAIMED
          description: System peripheral
          product: Xeon E7 v3/Xeon E5 v3/Core i7 Integrated Memory Controller 1 Channel Target Address Decoder
          vendor: Intel Corporation
          physical id: 8d
          bus info: pci@0000:ff:16.2
          version: 02
          width: 32 bits
          clock: 33MHz
          capabilities: cap_list
          configuration: latency=0
     *-generic:138 UNCLAIMED
          description: System peripheral
          product: Xeon E7 v3/Xeon E5 v3/Core i7 Integrated Memory Controller 1 Channel Target Address Decoder
          vendor: Intel Corporation
          physical id: 8e
          bus info: pci@0000:ff:16.3
          version: 02
          width: 32 bits
          clock: 33MHz
          capabilities: cap_list
          configuration: latency=0
     *-generic:139 UNCLAIMED
          description: System peripheral
          product: Xeon E7 v3/Xeon E5 v3/Core i7 DDRIO Channel 2/3 Broadcast
          vendor: Intel Corporation
          physical id: 8f
          bus info: pci@0000:ff:16.6
          version: 02
          width: 32 bits
          clock: 33MHz
          configuration: latency=0
     *-generic:140 UNCLAIMED
          description: System peripheral
          product: Xeon E7 v3/Xeon E5 v3/Core i7 DDRIO Global Broadcast
          vendor: Intel Corporation
          physical id: 90
          bus info: pci@0000:ff:16.7
          version: 02
          width: 32 bits
          clock: 33MHz
          configuration: latency=0
     *-generic:141
          description: System peripheral
          product: Xeon E7 v3/Xeon E5 v3/Core i7 Integrated Memory Controller 1 Channel 0 Thermal Control
          vendor: Intel Corporation
          physical id: 91
          bus info: pci@0000:ff:17.0
          version: 02
          width: 32 bits
          clock: 33MHz
          capabilities: cap_list
          configuration: driver=hswep_uncore latency=0
          resources: irq:0
     *-generic:142
          description: System peripheral
          product: Xeon E7 v3/Xeon E5 v3/Core i7 Integrated Memory Controller 1 Channel 1 Thermal Control
          vendor: Intel Corporation
          physical id: 92
          bus info: pci@0000:ff:17.1
          version: 02
          width: 32 bits
          clock: 33MHz
          capabilities: cap_list
          configuration: driver=hswep_uncore latency=0
          resources: irq:0
     *-generic:143 UNCLAIMED
          description: System peripheral
          product: Xeon E7 v3/Xeon E5 v3/Core i7 Integrated Memory Controller 1 Channel 0 ERROR Registers
          vendor: Intel Corporation
          physical id: 93
          bus info: pci@0000:ff:17.2
          version: 02
          width: 32 bits
          clock: 33MHz
          capabilities: cap_list
          configuration: latency=0
     *-generic:144 UNCLAIMED
          description: System peripheral
          product: Xeon E7 v3/Xeon E5 v3/Core i7 Integrated Memory Controller 1 Channel 1 ERROR Registers
          vendor: Intel Corporation
          physical id: 94
          bus info: pci@0000:ff:17.3
          version: 02
          width: 32 bits
          clock: 33MHz
          capabilities: cap_list
          configuration: latency=0
     *-generic:145 UNCLAIMED
          description: System peripheral
          product: Xeon E7 v3/Xeon E5 v3/Core i7 DDRIO (VMSE) 2 & 3
          vendor: Intel Corporation
          physical id: 95
          bus info: pci@0000:ff:17.4
          version: 02
          width: 32 bits
          clock: 33MHz
          configuration: latency=0
     *-generic:146 UNCLAIMED
          description: System peripheral
          product: Xeon E7 v3/Xeon E5 v3/Core i7 DDRIO (VMSE) 2 & 3
          vendor: Intel Corporation
          physical id: 96
          bus info: pci@0000:ff:17.5
          version: 02
          width: 32 bits
          clock: 33MHz
          configuration: latency=0
     *-generic:147 UNCLAIMED
          description: System peripheral
          product: Xeon E7 v3/Xeon E5 v3/Core i7 DDRIO (VMSE) 2 & 3
          vendor: Intel Corporation
          physical id: 97
          bus info: pci@0000:ff:17.6
          version: 02
          width: 32 bits
          clock: 33MHz
          configuration: latency=0
     *-generic:148 UNCLAIMED
          description: System peripheral
          product: Xeon E7 v3/Xeon E5 v3/Core i7 DDRIO (VMSE) 2 & 3
          vendor: Intel Corporation
          physical id: 99
          bus info: pci@0000:ff:17.7
          version: 02
          width: 32 bits
          clock: 33MHz
          configuration: latency=0
     *-generic:149 UNCLAIMED
          description: System peripheral
          product: Xeon E7 v3/Xeon E5 v3/Core i7 Power Control Unit
          vendor: Intel Corporation
          physical id: 9a
          bus info: pci@0000:ff:1e.0
          version: 02
          width: 32 bits
          clock: 33MHz
          configuration: latency=0
     *-generic:150 UNCLAIMED
          description: System peripheral
          product: Xeon E7 v3/Xeon E5 v3/Core i7 Power Control Unit
          vendor: Intel Corporation
          physical id: 9b
          bus info: pci@0000:ff:1e.1
          version: 02
          width: 32 bits
          clock: 33MHz
          configuration: latency=0
     *-generic:151 UNCLAIMED
          description: System peripheral
          product: Xeon E7 v3/Xeon E5 v3/Core i7 Power Control Unit
          vendor: Intel Corporation
          physical id: 9c
          bus info: pci@0000:ff:1e.2
          version: 02
          width: 32 bits
          clock: 33MHz
          configuration: latency=0
     *-generic:152
          description: System peripheral
          product: Xeon E7 v3/Xeon E5 v3/Core i7 Power Control Unit
          vendor: Intel Corporation
          physical id: 9d
          bus info: pci@0000:ff:1e.3
          version: 02
          width: 32 bits
          clock: 33MHz
          configuration: driver=hswep_uncore latency=0
          resources: irq:0
     *-generic:153 UNCLAIMED
          description: System peripheral
          product: Xeon E7 v3/Xeon E5 v3/Core i7 Power Control Unit
          vendor: Intel Corporation
          physical id: 9e
          bus info: pci@0000:ff:1e.4
          version: 02
          width: 32 bits
          clock: 33MHz
          configuration: latency=0
     *-generic:154 UNCLAIMED
          description: System peripheral
          product: Xeon E7 v3/Xeon E5 v3/Core i7 VCU
          vendor: Intel Corporation
          physical id: 9f
          bus info: pci@0000:ff:1f.0
          version: 02
          width: 32 bits
          clock: 33MHz
          configuration: latency=0
     *-generic:155 UNCLAIMED
          description: System peripheral
          product: Xeon E7 v3/Xeon E5 v3/Core i7 VCU
          vendor: Intel Corporation
          physical id: a0
          bus info: pci@0000:ff:1f.2
          version: 02
          width: 32 bits
          clock: 33MHz
          configuration: latency=0
     *-scsi:0
          physical id: a1
          logical name: scsi2
          capabilities: emulated
        *-disk
             description: ATA Disk
             product: Micron 1100 SATA
             physical id: 0.0.0
             bus info: scsi@2:0.0.0
             logical name: /dev/sda
             version: L002
             serial: 164914FD4D29
             size: 476GiB (512GB)
             capabilities: gpt-1.00 partitioned partitioned:gpt
             configuration: ansiversion=5 guid=705fe514-b8ff-4b58-a8b8-34b354cb0972 logicalsectorsize=512 sectorsize=4096
           *-volume:0
                description: Windows FAT volume
                vendor: mkfs.fat
                physical id: 1
                bus info: scsi@2:0.0.0,1
                logical name: /dev/sda1
                logical name: /boot/efi
                version: FAT32
                serial: 1506-b2ca
                size: 510MiB
                capacity: 511MiB
                capabilities: boot fat initialized
                configuration: FATs=2 filesystem=fat mount.fstype=vfat mount.options=rw,relatime,fmask=0077,dmask=0077,codepage=437,iocharset=iso8859-1,shortname=mixed,errors=remount-ro name=EFI System Partition state=mounted
           *-volume:1
                description: EXT4 volume
                vendor: Linux
                physical id: 2
                bus info: scsi@2:0.0.0,2
                logical name: /dev/sda2
                logical name: /
                version: 1.0
                serial: 2c7311b9-0fcb-4f50-9acd-f467005e505f
                size: 476GiB
                capabilities: journaled extended_attributes large_files huge_files dir_nlink recover 64bit extents ext4 ext2 initialized
                configuration: created=2019-03-07 16:13:21 filesystem=ext4 lastmountpoint=/ modified=2020-01-23 17:50:53 mount.fstype=ext4 mount.options=rw,relatime,errors=remount-ro,data=ordered mounted=2020-01-23 17:50:53 state=mounted
     *-scsi:1
          physical id: a2
          logical name: scsi3
          capabilities: emulated
        *-disk
             description: ATA Disk
             product: WDC  WDS500G2B0A
             vendor: Western Digital
             physical id: 0.0.0
             bus info: scsi@3:0.0.0
             logical name: /dev/sdb
             version: 00WD
             serial: 191033440915
             size: 465GiB (500GB)
             capabilities: partitioned partitioned:dos
             configuration: ansiversion=5 logicalsectorsize=512 sectorsize=512 signature=b09a9442
           *-volume
                description: EXT4 volume
                vendor: Linux
                physical id: 1
                bus info: scsi@3:0.0.0,1
                logical name: /dev/sdb1
                logical name: /mnt/disk2
                version: 1.0
                serial: b8d07c54-cd15-4ead-8833-9cca64e3baed
                size: 465GiB
                capacity: 465GiB
                capabilities: primary journaled extended_attributes large_files huge_files dir_nlink recover extents ext4 ext2 initialized
                configuration: created=2019-04-16 21:22:00 filesystem=ext4 label=wasp578-disk2 lastmountpoint=/mnt/disk2 modified=2020-01-23 17:50:55 mount.fstype=ext4 mount.options=rw,relatime,data=ordered mounted=2020-01-23 17:50:55 state=mounted
     *-scsi:2
          physical id: a3
          logical name: scsi4
          capabilities: emulated
        *-disk
             description: ATA Disk
             product: Samsung SSD 850
             physical id: 0.0.0
             bus info: scsi@4:0.0.0
             logical name: /dev/sdc
             version: 2B6Q
             serial: S2RENX0H609306P
             size: 931GiB (1TB)
             capabilities: partitioned partitioned:dos
             configuration: ansiversion=5 logicalsectorsize=512 sectorsize=512 signature=4a8ec948
           *-volume
                description: EXT4 volume
                vendor: Linux
                physical id: 1
                bus info: scsi@4:0.0.0,1
                logical name: /dev/sdc1
                logical name: /mnt/disk3
                version: 1.0
                serial: 48d6c0eb-0058-44ab-8108-c9f7ea02b408
                size: 931GiB
                capacity: 931GiB
                capabilities: primary journaled extended_attributes large_files huge_files dir_nlink recover 64bit extents ext4 ext2 initialized
                configuration: created=2019-12-04 16:33:54 filesystem=ext4 lastmountpoint=/mnt/disk3 modified=2020-01-23 17:50:55 mount.fstype=ext4 mount.options=rw,relatime,data=ordered mounted=2020-01-23 17:50:55 state=mounted
  *-network:0
       description: Ethernet interface
       physical id: 1
       logical name: vetha439b9a
       serial: e6:85:5d:3a:b8:46
       size: 10Gbit/s
       capabilities: ethernet physical
       configuration: autonegotiation=off broadcast=yes driver=veth driverversion=1.0 duplex=full link=yes multicast=yes port=twisted pair speed=10Gbit/s
  *-network:1
       description: Ethernet interface
       physical id: 2
       logical name: vethd6634ca
       serial: a2:f3:44:7e:6e:e2
       size: 10Gbit/s
       capabilities: ethernet physical
       configuration: autonegotiation=off broadcast=yes driver=veth driverversion=1.0 duplex=full link=yes multicast=yes port=twisted pair speed=10Gbit/s
  *-network:2 DISABLED
       description: Wireless interface
       physical id: 3
       bus info: usb@3:7
       logical name: wlx74da38f661cd
       serial: 74:da:38:f6:61:cd
       capabilities: ethernet physical wireless
       configuration: broadcast=yes driver=rtl8192cu driverversion=4.15.0-74-generic firmware=N/A link=no multicast=yes wireless=IEEE 802.11
  *-network:3
       description: Ethernet interface
       physical id: 4
       logical name: vethfdacaf1
       serial: 26:30:5a:22:5a:f7
       size: 10Gbit/s
       capabilities: ethernet physical
       configuration: autonegotiation=off broadcast=yes driver=veth driverversion=1.0 duplex=full link=yes multicast=yes port=twisted pair speed=10Gbit/s
  *-network:4
       description: Ethernet interface
       physical id: 5
       logical name: docker0
       serial: 02:42:e0:58:7c:1f
       capabilities: ethernet physical
       configuration: broadcast=yes driver=bridge driverversion=2.3 firmware=N/A ip=172.17.0.1 link=yes multicast=yes
  *-network:5
       description: Ethernet interface
       physical id: 6
       logical name: veth81fa4bb
       serial: 16:1f:30:e0:16:db
       size: 10Gbit/s
       capabilities: ethernet physical
       configuration: autonegotiation=off broadcast=yes driver=veth driverversion=1.0 duplex=full link=yes multicast=yes port=twisted pair speed=10Gbit/s
