WARNING: Host distribution "ubuntu-20.04" has not been validated with this version of the build system; you may possibly experience unexpected failures. It is recommended that you use a tested distribution.
Loading cache...done.
Loaded 2456 entries from dependency cache.
NOTE: Resolving any missing task queue dependencies

Build Configuration:
BB_VERSION           = "1.44.0"
BUILD_SYS            = "x86_64-linux"
NATIVELSBSTRING      = "ubuntu-20.04"
TARGET_SYS           = "x86_64-poky-linux"
MACHINE              = "qemux86-64"
DISTRO               = "poky"
DISTRO_VERSION       = "3.0.2"
TUNE_FEATURES        = "m64 core2"
TARGET_FPU           = ""
meta                 
meta-poky            
meta-yocto-bsp       = "zeus:6d66138bb16603646f80a75f3ba8b93a3cb9d885"
meta-browser         = "zeus-firefox-68.8.0:9d6201af42e7bcfd106ba5557e33bdba27af57bc"
meta-rust            = "jansa/new-zeus-branch:0f1c16f95887b4d50611f1b3c03957c4c07beb7f"
meta-oe              = "zeus:e855ecc6d35677e79780adc57b2552213c995731"
meta-clang           = "zeus:0c393398a91713a108f319ac75337c02b7ebeaa7"
meta-qt5             = "zeus:a582fd4c810529e9af0c81700407b1955d1391d2"

WARNING: Your host glibc verson (2.31) is newer than that in uninative (2.30). Disabling uninative so that sstate is not corrupted.
Initialising tasks...done.
Sstate summary: Wanted 0 Found 0 Missed 0 Current 29 (0% match, 100% complete)
NOTE: Executing Tasks
NOTE: Setscene tasks completed
NOTE: Running task 190 of 242 (virtual:native:/OE/build/test-oe-build-time/poky/meta-rust/recipes-devtools/rust/rust_1.39.0.bb:do_rust_gen_targets)
NOTE: recipe rust-native-1.39.0-r0: task do_rust_gen_targets: Started
NOTE: recipe rust-native-1.39.0-r0: task do_rust_gen_targets: Succeeded
NOTE: Running task 242 of 242 (virtual:native:/OE/build/test-oe-build-time/poky/meta-rust/recipes-devtools/rust/rust_1.39.0.bb:do_compile)
NOTE: recipe rust-native-1.39.0-r0: task do_compile: Started
NOTE: recipe rust-native-1.39.0-r0: task do_compile: Succeeded
NOTE: Tasks Summary: Attempted 242 tasks of which 240 didn't need to be rerun and all succeeded.

Summary: There were 2 WARNING messages shown.
TIME: 650.04 0.06 0.35 0% 32 10673 10546 0 30580 0 bitbake -c compile rust-native
