4-build-all-cores start: Thu May 19 01:00:31 CEST 2022
4-build-all-cores stop: Thu May 19 03:08:14 CEST 2022
5-build-8-bb-threads start: Thu May 19 03:08:40 CEST 2022
5-build-8-bb-threads stop: Thu May 19 05:16:03 CEST 2022
6-build-16-bb-threads start: Thu May 19 05:16:25 CEST 2022
6-build-16-bb-threads stop: Thu May 19 07:22:47 CEST 2022
7-build-2-bb-threads start: Thu May 19 07:23:13 CEST 2022
7-build-2-bb-threads stop: Thu May 19 10:52:51 CEST 2022
8-build-individual-components.64.qtbase start: Thu May 19 10:56:27 CEST 2022
8-build-individual-components.64.qtbase stop: Thu May 19 11:00:26 CEST 2022
8-build-individual-components.64.qtdeclarative start: Thu May 19 11:01:02 CEST 2022
8-build-individual-components.64.qtdeclarative stop: Thu May 19 11:03:11 CEST 2022
8-build-individual-components.64.qtwebengine start: Thu May 19 11:04:04 CEST 2022
8-build-individual-components.64.qtwebengine stop: Thu May 19 11:20:21 CEST 2022
8-build-individual-components.64.rust-native start: Thu May 19 11:20:49 CEST 2022
8-build-individual-components.64.rust-native stop: Thu May 19 11:27:52 CEST 2022
8-build-individual-components.64.chromium-x11 start: Thu May 19 11:29:29 CEST 2022
8-build-individual-components.64.chromium-x11 stop: Thu May 19 12:06:43 CEST 2022
8-build-individual-components.32.qtbase start: Thu May 19 12:09:54 CEST 2022
8-build-individual-components.32.qtbase stop: Thu May 19 12:14:09 CEST 2022
8-build-individual-components.32.qtdeclarative start: Thu May 19 12:14:47 CEST 2022
8-build-individual-components.32.qtdeclarative stop: Thu May 19 12:17:00 CEST 2022
8-build-individual-components.32.qtwebengine start: Thu May 19 12:17:59 CEST 2022
8-build-individual-components.32.qtwebengine stop: Thu May 19 12:38:11 CEST 2022
8-build-individual-components.32.rust-native start: Thu May 19 12:38:43 CEST 2022
8-build-individual-components.32.rust-native stop: Thu May 19 12:45:47 CEST 2022
8-build-individual-components.32.chromium-x11 start: Thu May 19 12:47:39 CEST 2022
8-build-individual-components.32.chromium-x11 stop: Thu May 19 13:31:16 CEST 2022
8-build-individual-components.48.qtbase start: Thu May 19 13:34:27 CEST 2022
8-build-individual-components.48.qtbase stop: Thu May 19 13:38:36 CEST 2022
8-build-individual-components.48.qtdeclarative start: Thu May 19 13:39:14 CEST 2022
8-build-individual-components.48.qtdeclarative stop: Thu May 19 13:41:25 CEST 2022
8-build-individual-components.48.qtwebengine start: Thu May 19 13:42:22 CEST 2022
8-build-individual-components.48.qtwebengine stop: Thu May 19 14:00:11 CEST 2022
8-build-individual-components.48.rust-native start: Thu May 19 14:00:43 CEST 2022
8-build-individual-components.48.rust-native stop: Thu May 19 14:07:48 CEST 2022
8-build-individual-components.48.chromium-x11 start: Thu May 19 14:09:40 CEST 2022
8-build-individual-components.48.chromium-x11 stop: Thu May 19 14:50:03 CEST 2022
