NOTE: Started PRServer with DBfile: /OE/build/luneos-master/webos-ports/cache/prserv.sqlite3, IP: 127.0.0.1, PORT: 46267, PID: 18529
Loading cache...done.
Loaded 3976 entries from dependency cache.
NOTE: Resolving any missing task queue dependencies

Build Configuration:
BB_VERSION           = "1.44.0"
BUILD_SYS            = "x86_64-linux"
NATIVELSBSTRING      = "universal"
TARGET_SYS           = "x86_64-webos-linux"
MACHINE              = "qemux86-64"
DISTRO               = "luneos"
DISTRO_VERSION       = "1.0"
TUNE_FEATURES        = "m64 core2"
TARGET_FPU           = ""
WEBOS_DISTRO_RELEASE_CODENAME = "luneos-Eiskaffee"
WEBOS_DISTRO_BUILD_ID = "jama"
WEBOS_DISTRO_TOPDIR_REVISION = "441c42c531cd8cf98228de4381a2b08fbd7948d8"
DATETIME             = "20200129115625"
meta-luneos          
meta-luneui          = "jansa/master:5ec22b0f5b625eabde10094d7ff970bd9cb78565"
meta-pine64-luneos   = "jansa/master:cd9e0a9cb818bc405fafb0f8c61e34da6e994a59"
meta-rpi-luneos      = "jansa/master:a42e8439c181561650bf04b70771d40fcd5b77ed"
meta-raspberrypi     = "jansa/master:3c8fdb4a7a1cd02e4e28069eec19b223248fd792"
meta-hp              
meta-huawei          
meta-lg              
meta-motorola        
meta-oneplus         
meta-xiaomi          
meta-android         = "jansa/master:3630bfe0f051d10b6ea8fabfd18667fa26356985"
meta-qt5             = "jansa/master:23d07ad795041736bf4a12773636441a8c726c51"
meta-python2         = "master:27ce1aba5df9d48c7d94f03f4e5647bd02b132d6"
meta-filesystems     
meta-networking      
meta-python          
meta-oe              = "jansa/master:4ff5a55e1f18659f7ea202334b2e9bf64e55d07d"
meta                 = "jansa/master:6279de8708d959ce2377a08088af731883deeebe"

Initialising tasks...done.
Sstate summary: Wanted 0 Found 0 Missed 0 Current 172 (0% match, 100% complete)
NOTE: Executing Tasks
NOTE: Setscene tasks completed
NOTE: Running task 1401 of 1401 (/OE/build/luneos-master/webos-ports/meta-qt5/recipes-qt/qt5/qtwebengine_git.bb:do_compile)
NOTE: recipe qtwebengine-5.14.1+gitAUTOINC+qtwebengine_4282169e39-r0: task do_compile: Started
NOTE: recipe qtwebengine-5.14.1+gitAUTOINC+qtwebengine_4282169e39-r0: task do_compile: Succeeded
NOTE: Tasks Summary: Attempted 1401 tasks of which 1400 didn't need to be rerun and all succeeded.
NOTE: Writing buildhistory
NOTE: Writing buildhistory took: 7 seconds
TIME: 1450.68 0.07 1.21 0% 127 25502 10033 4 28900 0 bitbake -c compile qtwebengine
