WARNING: Host distribution "ubuntu-20.04" has not been validated with this version of the build system; you may possibly experience unexpected failures. It is recommended that you use a tested distribution.
Loading cache...done.
Loaded 2448 entries from dependency cache.
NOTE: Resolving any missing task queue dependencies

Build Configuration:
BB_VERSION           = "1.44.0"
BUILD_SYS            = "x86_64-linux"
NATIVELSBSTRING      = "ubuntu-20.04"
TARGET_SYS           = "x86_64-poky-linux"
MACHINE              = "qemux86-64"
DISTRO               = "poky"
DISTRO_VERSION       = "3.0.2"
TUNE_FEATURES        = "m64 core2"
TARGET_FPU           = ""
meta                 
meta-poky            
meta-yocto-bsp       = "zeus:293c4dd4405da9c9532a223ae60367990a62fff0"
meta-browser         = "zeus:1697014a05967ed54b294f3c4b5621df494d6551"
meta-rust            = "zeus:7c387573a15e7ac97db738cc79db876c9bcef0b7"
meta-oe              = "zeus:e855ecc6d35677e79780adc57b2552213c995731"
meta-clang           = "zeus:0c393398a91713a108f319ac75337c02b7ebeaa7"
meta-qt5             = "zeus:a582fd4c810529e9af0c81700407b1955d1391d2"

WARNING: Your host glibc verson (2.31) is newer than that in uninative (2.30). Disabling uninative so that sstate is not corrupted.
Initialising tasks...done.
Sstate summary: Wanted 0 Found 0 Missed 0 Current 25 (0% match, 100% complete)
NOTE: Executing Tasks
NOTE: Setscene tasks completed
NOTE: Running task 166 of 210 (virtual:native:/OE/build/test-oe-build-time/poky/meta-rust/recipes-devtools/rust/rust_1.37.0.bb:do_rust_gen_targets)
NOTE: recipe rust-native-1.37.0-r0: task do_rust_gen_targets: Started
NOTE: recipe rust-native-1.37.0-r0: task do_rust_gen_targets: Succeeded
NOTE: Running task 210 of 210 (virtual:native:/OE/build/test-oe-build-time/poky/meta-rust/recipes-devtools/rust/rust_1.37.0.bb:do_compile)
NOTE: recipe rust-native-1.37.0-r0: task do_compile: Started
NOTE: recipe rust-native-1.37.0-r0: task do_compile: Succeeded
NOTE: Tasks Summary: Attempted 210 tasks of which 208 didn't need to be rerun and all succeeded.

Summary: There were 2 WARNING messages shown.
TIME: 1254.01 0.05 0.44 0% 52 13159 10549 0 30632 0 bitbake -c compile rust-native
