WARNING: Host distribution "ubuntu-21.04" has not been validated with this version of the build system; you may possibly experience unexpected failures. It is recommended that you use a tested distribution.
Loading cache...done.
Loaded 3290 entries from dependency cache.
NOTE: Resolving any missing task queue dependencies

Build Configuration:
BB_VERSION           = "1.49.2"
BUILD_SYS            = "x86_64-linux"
NATIVELSBSTRING      = "universal"
TARGET_SYS           = "x86_64-poky-linux"
MACHINE              = "qemux86-64"
DISTRO               = "poky"
DISTRO_VERSION       = "3.2+snapshot-3cda6c0bd175282903079dea4affb3fcd290f137"
TUNE_FEATURES        = "m64 core2"
TARGET_FPU           = ""
meta                 
meta-poky            
meta-yocto-bsp       = "hardknott:3cda6c0bd175282903079dea4affb3fcd290f137"
meta-python2         = "hardknott:5f4db648e00cf1c41e0999d3b184a02cde225143"
meta-chromium        
meta-firefox         = "hardknott:bdde7ca1fed0e29441d94ad6af8319b6df48063a"
meta-rust            = "hardknott:9a035fe27262bb23676da9f9f583e3ee39b0a377"
meta-oe              = "hardknott:36bb7d02a0f189768b380747a2349406ceffacbf"
meta-clang           = "hardknott:89733fd2d9dc30caea9d9991d5e38e46ad58d8b8"
meta-qt5             = "hardknott:a00af3eae082b772469d9dd21b2371dd4d237684"

Initialising tasks...done.
Sstate summary: Wanted 0 Local 0 Network 0 Missed 0 Current 487 (0% match, 100% complete)
NOTE: Executing Tasks
NOTE: Running task 2276 of 2277 (/OE/build/test-oe-build-time/poky/meta-browser/meta-chromium/recipes-browser/chromium/chromium-x11_89.0.4389.90.bb:do_add_nodejs_symlink)
NOTE: recipe chromium-x11-89.0.4389.90-r0: task do_add_nodejs_symlink: Started
NOTE: recipe chromium-x11-89.0.4389.90-r0: task do_add_nodejs_symlink: Succeeded
NOTE: Running task 2277 of 2277 (/OE/build/test-oe-build-time/poky/meta-browser/meta-chromium/recipes-browser/chromium/chromium-x11_89.0.4389.90.bb:do_compile)
NOTE: recipe chromium-x11-89.0.4389.90-r0: task do_compile: Started
NOTE: recipe chromium-x11-89.0.4389.90-r0: task do_compile: Succeeded
NOTE: Tasks Summary: Attempted 2277 tasks of which 2275 didn't need to be rerun and all succeeded.

Summary: There was 1 WARNING message shown.
TIME: 2675.61 1.05 9.47 0% 1686 122102 12193 0 33688 0 bitbake -c compile chromium-x11
