WARNING: Host distribution "ubuntu-21.04" has not been validated with this version of the build system; you may possibly experience unexpected failures. It is recommended that you use a tested distribution.
Loading cache...done.
Loaded 3164 entries from dependency cache.
NOTE: Resolving any missing task queue dependencies

Build Configuration:
BB_VERSION           = "1.46.0"
BUILD_SYS            = "x86_64-linux"
NATIVELSBSTRING      = "universal"
TARGET_SYS           = "x86_64-poky-linux"
MACHINE              = "qemux86-64"
DISTRO               = "poky"
DISTRO_VERSION       = "3.1.6"
TUNE_FEATURES        = "m64 core2"
TARGET_FPU           = ""
meta                 
meta-poky            
meta-yocto-bsp       = "dunfell:d20ef1f5a5de7820b3e9b7f539b51f94954e9cd5"
meta-python2         = "dunfell:ed4876c1a2f0808073fa7dfb32ef1ccb907ad5de"
meta-browser         = "dunfell:5e58ff65facc27a3054a4d3f97d3329342d49afa"
meta-rust            = "dunfell:28d5940e328685dde29195f124bad70aa3d9c36f"
meta-oe              = "dunfell:346681e7bf9c78008a845fc89031be4fd4ceb3a1"
meta-clang           = "dunfell:e63d6f9abba5348e2183089d6ef5ea384d7ae8d8"
meta-qt5             = "dunfell:b4d24d70aca75791902df5cd59a4f4a54aa4a125"

Initialising tasks...done.
Sstate summary: Wanted 0 Found 0 Missed 0 Current 61 (0% match, 100% complete)
NOTE: Executing Tasks
NOTE: Running task 248 of 281 (virtual:native:/OE/build/test-oe-build-time/poky/meta-rust/recipes-devtools/rust/rust_1.37.0.bb:do_rust_gen_targets)
NOTE: recipe rust-native-1.37.0-r0: task do_rust_gen_targets: Started
NOTE: recipe rust-native-1.37.0-r0: task do_rust_gen_targets: Succeeded
NOTE: Running task 281 of 281 (virtual:native:/OE/build/test-oe-build-time/poky/meta-rust/recipes-devtools/rust/rust_1.37.0.bb:do_compile)
NOTE: recipe rust-native-1.37.0-r0: task do_compile: Started
NOTE: recipe rust-native-1.37.0-r0: task do_compile: Succeeded
NOTE: Tasks Summary: Attempted 281 tasks of which 279 didn't need to be rerun and all succeeded.

Summary: There was 1 WARNING message shown.
TIME: 917.87 0.07 0.40 0% 38 13963 11244 0 32000 0 bitbake -c compile rust-native
