WARNING: Host distribution "gentoo-2.8" has not been validated with this version of the build system; you may possibly experience unexpected failures. It is recommended that you use a tested distribution.
Loading cache...done.
Loaded 3569 entries from dependency cache.
NOTE: Resolving any missing task queue dependencies

Build Configuration:
BB_VERSION           = "2.0.0"
BUILD_SYS            = "x86_64-linux"
NATIVELSBSTRING      = "universal"
TARGET_SYS           = "x86_64-poky-linux"
MACHINE              = "qemux86-64"
DISTRO               = "poky"
DISTRO_VERSION       = "4.1+snapshot-bd66a18eaa463c2eab291fea68039bf0d61c7b8b"
TUNE_FEATURES        = "m64 core2"
TARGET_FPU           = ""
meta                 
meta-poky            
meta-yocto-bsp       = "master:bd66a18eaa463c2eab291fea68039bf0d61c7b8b"
meta-python2         = "langdale:f02882e2aa9279ca7becca8d0cedbffe88b5a253"
meta-chromium        
meta-firefox         = "langdale:11a6ddf004f1cd3ba9ff4537b7eda548fe56614c"
meta-oe              = "langdale:1fa8cfed01b3088dc33e0958e83f1162ffc1b91b"
meta-clang           = "langdale:85d956d95401479ca666139e31f662f60c156d5f"
meta-qt5             = "langdale:d89d44e021e4f805791c4d8711fd5875674bb3d6"

Initialising tasks...done.
Sstate summary: Wanted 35 Local 35 Mirrors 0 Missed 0 Current 28 (100% match, 100% complete)
NOTE: Executing Tasks
NOTE: Running task 287 of 290 (virtual:native:/OE/build/test-oe-build-time/poky/meta/recipes-devtools/rust/rust_1.60.0.bb:do_rust_gen_targets)
NOTE: recipe rust-native-1.60.0-r0: task do_rust_gen_targets: Started
NOTE: recipe rust-native-1.60.0-r0: task do_rust_gen_targets: Succeeded
NOTE: Running task 290 of 290 (virtual:native:/OE/build/test-oe-build-time/poky/meta/recipes-devtools/rust/rust_1.60.0.bb:do_compile)
NOTE: recipe rust-native-1.60.0-r0: task do_compile: Started
NOTE: recipe rust-native-1.60.0-r0: task do_compile: Succeeded
NOTE: Tasks Summary: Attempted 290 tasks of which 288 didn't need to be rerun and all succeeded.

Summary: There was 1 WARNING message.
TIME: 424.03 0.07 0.54 0% 144 14099 11320 0 37432 0 bitbake -c compile rust-native
