1-init start: 2022-08-01T12:05:49+02:00
1-init stop:  2022-08-01T12:07:29+02:00
2-build-test start: 2022-08-01T12:07:29+02:00
2-build-test stop:  2022-08-01T12:08:42+02:00
3-fetch start: 2022-08-01T12:36:28+02:00
3-fetch stop:  2022-08-01T13:10:43+02:00
4-build-all-cores start: 2022-08-01T23:15:02+02:00
4-build-all-cores stop:  2022-08-02T00:48:33+02:00
5-build-8-bb-threads start: 2022-08-02T00:49:15+02:00
5-build-8-bb-threads stop:  2022-08-02T02:33:41+02:00
6-build-16-bb-threads start: 2022-08-02T02:34:19+02:00
6-build-16-bb-threads stop:  2022-08-02T04:08:42+02:00
7-build-2-bb-threads start: 2022-08-02T04:09:24+02:00
7-build-2-bb-threads stop:  2022-08-02T07:25:43+02:00
4-build-all-cores start: 2022-08-03T01:20:44+02:00
4-build-all-cores stop:  2022-08-03T03:04:05+02:00
5-build-8-bb-threads start: 2022-08-03T03:04:23+02:00
5-build-8-bb-threads stop:  2022-08-03T04:57:39+02:00
6-build-16-bb-threads start: 2022-08-03T04:57:56+02:00
6-build-16-bb-threads stop:  2022-08-03T06:40:55+02:00
7-build-2-bb-threads start: 2022-08-03T06:41:13+02:00
7-build-2-bb-threads stop:  2022-08-03T10:12:25+02:00
