WARNING: Host distribution "ubuntu-21.04" has not been validated with this version of the build system; you may possibly experience unexpected failures. It is recommended that you use a tested distribution.
Loading cache...done.
Loaded 3114 entries from dependency cache.
NOTE: Resolving any missing task queue dependencies

Build Configuration:
BB_VERSION           = "1.46.0"
BUILD_SYS            = "x86_64-linux"
NATIVELSBSTRING      = "ubuntu-21.04"
TARGET_SYS           = "x86_64-poky-linux"
MACHINE              = "qemux86-64"
DISTRO               = "poky"
DISTRO_VERSION       = "3.1"
TUNE_FEATURES        = "m64 core2"
TARGET_FPU           = ""
meta                 
meta-poky            
meta-yocto-bsp       = "dunfell:eee5a579b18c119ec66e8a23e70f765ad6f14b7b"
meta-python2         = "dunfell:e2ef0dd8fa13d6b96e44773b09d07e4817d0a44d"
meta-browser         = "dunfell:5e58ff65facc27a3054a4d3f97d3329342d49afa"
meta-rust            = "dunfell:41e07e917f6e8abfd18d4b0f565bc562a6ca4141"
meta-oe              = "dunfell:e413c1ef621688e69bb7830bb3151ed23b30b73e"
meta-clang           = "dunfell:503aa977b27be0506fb6ac21fbf9e8b049b82247"
meta-qt5             = "dunfell:fdd19517e17240b0b61765bd02fc483a1bde986f"

WARNING: Your host glibc verson (2.33) is newer than that in uninative (2.31). Disabling uninative so that sstate is not corrupted.
Initialising tasks...done.
Sstate summary: Wanted 0 Found 0 Missed 0 Current 289 (0% match, 100% complete)
NOTE: Executing Tasks
NOTE: Running task 1343 of 1344 (/OE/build/test-oe-build-time/poky/meta-qt5/recipes-qt/qt5/qtdeclarative_git.bb:do_configure_ptest_base)
NOTE: recipe qtdeclarative-5.14.2+gitAUTOINC+23a000f9a1-r0: task do_configure_ptest_base: Started
NOTE: recipe qtdeclarative-5.14.2+gitAUTOINC+23a000f9a1-r0: task do_configure_ptest_base: Succeeded
NOTE: Running task 1344 of 1344 (/OE/build/test-oe-build-time/poky/meta-qt5/recipes-qt/qt5/qtdeclarative_git.bb:do_compile)
NOTE: recipe qtdeclarative-5.14.2+gitAUTOINC+23a000f9a1-r0: task do_compile: Started
NOTE: recipe qtdeclarative-5.14.2+gitAUTOINC+23a000f9a1-r0: task do_compile: Succeeded
NOTE: Tasks Summary: Attempted 1344 tasks of which 1342 didn't need to be rerun and all succeeded.

Summary: There were 2 WARNING messages shown.
TIME: 113.97 0.05 0.31 0% 33 13646 11219 0 31696 0 bitbake -c compile qtdeclarative
