WARNING: Host distribution "ubuntu-21.04" has not been validated with this version of the build system; you may possibly experience unexpected failures. It is recommended that you use a tested distribution.
Loading cache...done.
Loaded 3114 entries from dependency cache.
NOTE: Resolving any missing task queue dependencies

Build Configuration:
BB_VERSION           = "1.46.0"
BUILD_SYS            = "x86_64-linux"
NATIVELSBSTRING      = "ubuntu-21.04"
TARGET_SYS           = "x86_64-poky-linux"
MACHINE              = "qemux86-64"
DISTRO               = "poky"
DISTRO_VERSION       = "3.1"
TUNE_FEATURES        = "m64 core2"
TARGET_FPU           = ""
meta                 
meta-poky            
meta-yocto-bsp       = "dunfell:eee5a579b18c119ec66e8a23e70f765ad6f14b7b"
meta-python2         = "dunfell:e2ef0dd8fa13d6b96e44773b09d07e4817d0a44d"
meta-browser         = "dunfell:5e58ff65facc27a3054a4d3f97d3329342d49afa"
meta-rust            = "dunfell:41e07e917f6e8abfd18d4b0f565bc562a6ca4141"
meta-oe              = "dunfell:e413c1ef621688e69bb7830bb3151ed23b30b73e"
meta-clang           = "dunfell:503aa977b27be0506fb6ac21fbf9e8b049b82247"
meta-qt5             = "dunfell:fdd19517e17240b0b61765bd02fc483a1bde986f"

WARNING: Your host glibc verson (2.33) is newer than that in uninative (2.31). Disabling uninative so that sstate is not corrupted.
Initialising tasks...done.
Sstate summary: Wanted 0 Found 0 Missed 0 Current 481 (0% match, 100% complete)
NOTE: Executing Tasks
NOTE: Running task 2238 of 2239 (/OE/build/test-oe-build-time/poky/meta-browser/recipes-browser/chromium/chromium-x11_81.0.4044.138.bb:do_add_nodejs_symlink)
NOTE: recipe chromium-x11-81.0.4044.138-r0: task do_add_nodejs_symlink: Started
NOTE: recipe chromium-x11-81.0.4044.138-r0: task do_add_nodejs_symlink: Succeeded
NOTE: Running task 2239 of 2239 (/OE/build/test-oe-build-time/poky/meta-browser/recipes-browser/chromium/chromium-x11_81.0.4044.138.bb:do_compile)
NOTE: recipe chromium-x11-81.0.4044.138-r0: task do_compile: Started
NOTE: recipe chromium-x11-81.0.4044.138-r0: task do_compile: Succeeded
NOTE: Tasks Summary: Attempted 2239 tasks of which 2237 didn't need to be rerun and all succeeded.

Summary: There were 2 WARNING messages shown.
TIME: 1823.42 1.00 9.86 0% 1771 107637 11222 0 31692 0 bitbake -c compile chromium-x11
